Started GET "/" for 127.0.0.1 at 2019-01-12 13:16:04 +0900
  
Mysql2::Error::ConnectionError (Can't connect to local MySQL server through socket '/tmp/mysql.sock' (2)):
  
mysql2 (0.5.2) lib/mysql2/client.rb:90:in `connect'
mysql2 (0.5.2) lib/mysql2/client.rb:90:in `initialize'
activerecord (5.2.2) lib/active_record/connection_adapters/mysql2_adapter.rb:22:in `new'
activerecord (5.2.2) lib/active_record/connection_adapters/mysql2_adapter.rb:22:in `mysql2_connection'
activerecord (5.2.2) lib/active_record/connection_adapters/abstract/connection_pool.rb:811:in `new_connection'
activerecord (5.2.2) lib/active_record/connection_adapters/abstract/connection_pool.rb:855:in `checkout_new_connection'
activerecord (5.2.2) lib/active_record/connection_adapters/abstract/connection_pool.rb:834:in `try_to_checkout_new_connection'
activerecord (5.2.2) lib/active_record/connection_adapters/abstract/connection_pool.rb:795:in `acquire_connection'
activerecord (5.2.2) lib/active_record/connection_adapters/abstract/connection_pool.rb:523:in `checkout'
activerecord (5.2.2) lib/active_record/connection_adapters/abstract/connection_pool.rb:382:in `connection'
activerecord (5.2.2) lib/active_record/connection_adapters/abstract/connection_pool.rb:1010:in `retrieve_connection'
activerecord (5.2.2) lib/active_record/connection_handling.rb:118:in `retrieve_connection'
activerecord (5.2.2) lib/active_record/connection_handling.rb:90:in `connection'
activerecord (5.2.2) lib/active_record/migration.rb:554:in `call'
actionpack (5.2.2) lib/action_dispatch/middleware/callbacks.rb:28:in `block in call'
activesupport (5.2.2) lib/active_support/callbacks.rb:98:in `run_callbacks'
actionpack (5.2.2) lib/action_dispatch/middleware/callbacks.rb:26:in `call'
actionpack (5.2.2) lib/action_dispatch/middleware/executor.rb:14:in `call'
actionpack (5.2.2) lib/action_dispatch/middleware/debug_exceptions.rb:61:in `call'
web-console (3.7.0) lib/web_console/middleware.rb:135:in `call_app'
web-console (3.7.0) lib/web_console/middleware.rb:30:in `block in call'
web-console (3.7.0) lib/web_console/middleware.rb:20:in `catch'
web-console (3.7.0) lib/web_console/middleware.rb:20:in `call'
actionpack (5.2.2) lib/action_dispatch/middleware/show_exceptions.rb:33:in `call'
railties (5.2.2) lib/rails/rack/logger.rb:38:in `call_app'
railties (5.2.2) lib/rails/rack/logger.rb:26:in `block in call'
activesupport (5.2.2) lib/active_support/tagged_logging.rb:71:in `block in tagged'
activesupport (5.2.2) lib/active_support/tagged_logging.rb:28:in `tagged'
activesupport (5.2.2) lib/active_support/tagged_logging.rb:71:in `tagged'
railties (5.2.2) lib/rails/rack/logger.rb:26:in `call'
sprockets-rails (3.2.1) lib/sprockets/rails/quiet_assets.rb:13:in `call'
actionpack (5.2.2) lib/action_dispatch/middleware/remote_ip.rb:81:in `call'
actionpack (5.2.2) lib/action_dispatch/middleware/request_id.rb:27:in `call'
rack (2.0.6) lib/rack/method_override.rb:22:in `call'
rack (2.0.6) lib/rack/runtime.rb:22:in `call'
activesupport (5.2.2) lib/active_support/cache/strategy/local_cache_middleware.rb:29:in `call'
actionpack (5.2.2) lib/action_dispatch/middleware/executor.rb:14:in `call'
actionpack (5.2.2) lib/action_dispatch/middleware/static.rb:127:in `call'
rack (2.0.6) lib/rack/sendfile.rb:111:in `call'
railties (5.2.2) lib/rails/engine.rb:524:in `call'
puma (3.12.0) lib/puma/configuration.rb:225:in `call'
puma (3.12.0) lib/puma/server.rb:658:in `handle_request'
puma (3.12.0) lib/puma/server.rb:472:in `process_client'
puma (3.12.0) lib/puma/server.rb:332:in `block in run'
puma (3.12.0) lib/puma/thread_pool.rb:133:in `block in spawn_thread'
Started GET "/" for 127.0.0.1 at 2019-01-12 13:17:59 +0900
  [1m[35m (3.5ms)[0m  [1m[35mSET NAMES utf8,  @@SESSION.sql_mode = CONCAT(CONCAT(@@sql_mode, ',STRICT_ALL_TABLES'), ',NO_AUTO_VALUE_ON_ZERO'),  @@SESSION.sql_auto_is_null = 0, @@SESSION.wait_timeout = 2147483[0m
  â†³ /Users/subaru/.rbenv/versions/2.5.3/lib/ruby/gems/2.5.0/gems/activerecord-5.2.2/lib/active_record/log_subscriber.rb:98
Processing by Rails::WelcomeController#index as HTML
  Rendering /Users/subaru/.rbenv/versions/2.5.3/lib/ruby/gems/2.5.0/gems/railties-5.2.2/lib/rails/templates/rails/welcome/index.html.erb
  Rendered /Users/subaru/.rbenv/versions/2.5.3/lib/ruby/gems/2.5.0/gems/railties-5.2.2/lib/rails/templates/rails/welcome/index.html.erb (2.2ms)
Completed 200 OK in 16ms (Views: 7.0ms | ActiveRecord: 0.0ms)


Started GET "/" for 127.0.0.1 at 2019-01-12 13:31:11 +0900
  [1m[35m (0.2ms)[0m  [1m[35mSET NAMES utf8,  @@SESSION.sql_mode = CONCAT(CONCAT(@@sql_mode, ',STRICT_ALL_TABLES'), ',NO_AUTO_VALUE_ON_ZERO'),  @@SESSION.sql_auto_is_null = 0, @@SESSION.wait_timeout = 2147483[0m
  â†³ /Users/subaru/.rbenv/versions/2.5.3/lib/ruby/gems/2.5.0/gems/activerecord-5.2.2/lib/active_record/log_subscriber.rb:98
  
ActionController::RoutingError (undefined local variable or method `with' for ApplicationController:Class):
  
app/controllers/application_controller.rb:2:in `<class:ApplicationController>'
app/controllers/application_controller.rb:1:in `<main>'
Started GET "/" for 127.0.0.1 at 2019-01-12 13:33:35 +0900
  [1m[35m (0.2ms)[0m  [1m[35mSET NAMES utf8,  @@SESSION.sql_mode = CONCAT(CONCAT(@@sql_mode, ',STRICT_ALL_TABLES'), ',NO_AUTO_VALUE_ON_ZERO'),  @@SESSION.sql_auto_is_null = 0, @@SESSION.wait_timeout = 2147483[0m
  â†³ /Users/subaru/.rbenv/versions/2.5.3/lib/ruby/gems/2.5.0/gems/activerecord-5.2.2/lib/active_record/log_subscriber.rb:98
  
ActionController::RoutingError (undefined local variable or method `with' for ApplicationController:Class):
  
app/controllers/application_controller.rb:2:in `<class:ApplicationController>'
app/controllers/application_controller.rb:1:in `<main>'
Started GET "/" for 127.0.0.1 at 2019-01-12 13:34:18 +0900
  
ActionController::RoutingError (undefined method `protect_from_forgnry' for ApplicationController:Class
Did you mean?  protect_from_forgery):
  
app/controllers/application_controller.rb:2:in `<class:ApplicationController>'
app/controllers/application_controller.rb:1:in `<main>'
Started GET "/" for 127.0.0.1 at 2019-01-12 13:34:37 +0900
Processing by ApplicationController#hello as HTML
  Rendering html template
  Rendered html template (0.0ms)
Completed 200 OK in 3ms (Views: 2.3ms | ActiveRecord: 0.0ms)


  [1m[35m (0.2ms)[0m  [1m[35mSET NAMES utf8,  @@SESSION.sql_mode = CONCAT(CONCAT(@@sql_mode, ',STRICT_ALL_TABLES'), ',NO_AUTO_VALUE_ON_ZERO'),  @@SESSION.sql_auto_is_null = 0, @@SESSION.wait_timeout = 2147483[0m
  â†³ bin/rails:4
  [1m[35m (0.2ms)[0m  [1m[34mSELECT GET_LOCK('6081534734206473465', 0)[0m
  â†³ bin/rails:4
  [1m[35m (0.5ms)[0m  [1m[34mSELECT `schema_migrations`.`version` FROM `schema_migrations` ORDER BY `schema_migrations`.`version` ASC[0m
  â†³ bin/rails:4
Migrating to CreateUsers (20190113034933)
  [1m[35m (2.7ms)[0m  [1m[35mCREATE TABLE `users` (`id` bigint NOT NULL AUTO_INCREMENT PRIMARY KEY, `name` varchar(255), `email` varchar(255), `created_at` datetime NOT NULL, `updated_at` datetime NOT NULL)[0m
  â†³ db/migrate/20190113034933_create_users.rb:3
  [1m[35m (0.2ms)[0m  [1m[34mSELECT RELEASE_LOCK('6081534734206473465')[0m
  â†³ bin/rails:4
  [1m[35m (0.2ms)[0m  [1m[35mSET NAMES utf8,  @@SESSION.sql_mode = CONCAT(CONCAT(@@sql_mode, ',STRICT_ALL_TABLES'), ',NO_AUTO_VALUE_ON_ZERO'),  @@SESSION.sql_auto_is_null = 0, @@SESSION.wait_timeout = 2147483[0m
  â†³ bin/rails:4
  [1m[35m (0.1ms)[0m  [1m[34mSELECT GET_LOCK('6081534734206473465', 0)[0m
  â†³ bin/rails:4
  [1m[35m (0.2ms)[0m  [1m[34mSELECT `schema_migrations`.`version` FROM `schema_migrations` ORDER BY `schema_migrations`.`version` ASC[0m
  â†³ bin/rails:4
Migrating to CreateUsers (20190113034933)
  [1m[35m (0.4ms)[0m  [1m[35mCREATE TABLE `users` (`id` bigint NOT NULL AUTO_INCREMENT PRIMARY KEY, `name` varchar(255), `email` varchar(255), `created_at` datetime NOT NULL, `updated_at` datetime NOT NULL)[0m
  â†³ db/migrate/20190113034933_create_users.rb:3
  [1m[35m (0.1ms)[0m  [1m[34mSELECT RELEASE_LOCK('6081534734206473465')[0m
  â†³ bin/rails:4
  [1m[35m (0.3ms)[0m  [1m[35mSET NAMES utf8,  @@SESSION.sql_mode = CONCAT(CONCAT(@@sql_mode, ',STRICT_ALL_TABLES'), ',NO_AUTO_VALUE_ON_ZERO'),  @@SESSION.sql_auto_is_null = 0, @@SESSION.wait_timeout = 2147483[0m
  â†³ bin/rails:4
  [1m[35m (17.6ms)[0m  [1m[35mCREATE TABLE `schema_migrations` (`version` varchar(255) NOT NULL PRIMARY KEY)[0m
  â†³ bin/rails:4
  [1m[35m (11.6ms)[0m  [1m[35mCREATE TABLE `ar_internal_metadata` (`key` varchar(255) NOT NULL PRIMARY KEY, `value` varchar(255), `created_at` datetime NOT NULL, `updated_at` datetime NOT NULL)[0m
  â†³ bin/rails:4
  [1m[35m (0.2ms)[0m  [1m[34mSELECT GET_LOCK('7879438643346964470', 0)[0m
  â†³ bin/rails:4
  [1m[35m (0.2ms)[0m  [1m[34mSELECT `schema_migrations`.`version` FROM `schema_migrations` ORDER BY `schema_migrations`.`version` ASC[0m
  â†³ bin/rails:4
Migrating to CreateUsers (20190113034933)
  [1m[35m (9.9ms)[0m  [1m[35mCREATE TABLE `users` (`id` bigint NOT NULL AUTO_INCREMENT PRIMARY KEY, `name` varchar(255), `email` varchar(255), `created_at` datetime NOT NULL, `updated_at` datetime NOT NULL)[0m
  â†³ db/migrate/20190113034933_create_users.rb:3
  [1m[35m (0.2ms)[0m  [1m[35mBEGIN[0m
  â†³ bin/rails:4
  [1m[36mActiveRecord::SchemaMigration Create (0.3ms)[0m  [1m[32mINSERT INTO `schema_migrations` (`version`) VALUES ('20190113034933')[0m
  â†³ bin/rails:4
  [1m[35m (0.6ms)[0m  [1m[35mCOMMIT[0m
  â†³ bin/rails:4
  [1m[36mActiveRecord::InternalMetadata Load (0.4ms)[0m  [1m[34mSELECT  `ar_internal_metadata`.* FROM `ar_internal_metadata` WHERE `ar_internal_metadata`.`key` = 'environment' LIMIT 1[0m
  â†³ bin/rails:4
  [1m[35m (0.2ms)[0m  [1m[35mBEGIN[0m
  â†³ bin/rails:4
  [1m[36mActiveRecord::InternalMetadata Create (0.5ms)[0m  [1m[32mINSERT INTO `ar_internal_metadata` (`key`, `value`, `created_at`, `updated_at`) VALUES ('environment', 'development', '2019-01-13 04:02:01', '2019-01-13 04:02:01')[0m
  â†³ bin/rails:4
  [1m[35m (0.5ms)[0m  [1m[35mCOMMIT[0m
  â†³ bin/rails:4
  [1m[35m (0.1ms)[0m  [1m[34mSELECT RELEASE_LOCK('7879438643346964470')[0m
  â†³ bin/rails:4
  [1m[35m (0.2ms)[0m  [1m[34mSELECT `schema_migrations`.`version` FROM `schema_migrations` ORDER BY `schema_migrations`.`version` ASC[0m
  â†³ bin/rails:4
Started GET "/" for 127.0.0.1 at 2019-01-13 13:03:14 +0900
  [1m[35m (0.2ms)[0m  [1m[35mSET NAMES utf8,  @@SESSION.sql_mode = CONCAT(CONCAT(@@sql_mode, ',STRICT_ALL_TABLES'), ',NO_AUTO_VALUE_ON_ZERO'),  @@SESSION.sql_auto_is_null = 0, @@SESSION.wait_timeout = 2147483[0m
  â†³ /Users/subaru/.rbenv/versions/2.5.3/lib/ruby/gems/2.5.0/gems/activerecord-5.2.2/lib/active_record/log_subscriber.rb:98
  [1m[35m (0.2ms)[0m  [1m[34mSELECT `schema_migrations`.`version` FROM `schema_migrations` ORDER BY `schema_migrations`.`version` ASC[0m
  â†³ /Users/subaru/.rbenv/versions/2.5.3/lib/ruby/gems/2.5.0/gems/activerecord-5.2.2/lib/active_record/log_subscriber.rb:98
Processing by ApplicationController#hello as HTML
  Rendering html template
  Rendered html template (0.0ms)
Completed 200 OK in 3ms (Views: 2.5ms | ActiveRecord: 0.0ms)


Started GET "/users" for 127.0.0.1 at 2019-01-13 13:03:40 +0900
Processing by UsersController#index as HTML
  Rendering users/index.html.erb within layouts/application
  [1m[36mUser Load (0.4ms)[0m  [1m[34mSELECT `users`.* FROM `users`[0m
  â†³ app/views/users/index.html.erb:15
  Rendered users/index.html.erb within layouts/application (9.1ms)
Completed 200 OK in 313ms (Views: 306.4ms | ActiveRecord: 0.9ms)


Started GET "/users/new" for 127.0.0.1 at 2019-01-13 13:08:46 +0900
Processing by UsersController#new as HTML
  Rendering users/new.html.erb within layouts/application
  Rendered users/_form.html.erb (31.8ms)
  Rendered users/new.html.erb within layouts/application (33.7ms)
Completed 200 OK in 58ms (Views: 46.6ms | ActiveRecord: 3.8ms)


Started POST "/users" for 127.0.0.1 at 2019-01-13 13:09:26 +0900
Processing by UsersController#create as HTML
  Parameters: {"utf8"=>"âœ“", "authenticity_token"=>"UHmNGn8iCPovYkA/CKFjlogJ2cYO2a+2Ua6a994X1aVI6UW0R4PWAEXvJ/Trb/r+r/JFkOsCq+wBx4vwtj4uWg==", "user"=>{"name"=>"test", "email"=>"test@example.com"}, "commit"=>"Create User"}
  [1m[35m (0.2ms)[0m  [1m[35mBEGIN[0m
  â†³ app/controllers/users_controller.rb:30
  [1m[36mUser Create (0.4ms)[0m  [1m[32mINSERT INTO `users` (`name`, `email`, `created_at`, `updated_at`) VALUES ('test', 'test@example.com', '2019-01-13 04:09:26', '2019-01-13 04:09:26')[0m
  â†³ app/controllers/users_controller.rb:30
  [1m[35m (0.6ms)[0m  [1m[35mCOMMIT[0m
  â†³ app/controllers/users_controller.rb:30
Redirected to http://localhost:3000/users/1
Completed 302 Found in 5ms (ActiveRecord: 1.1ms)


Started GET "/users/1" for 127.0.0.1 at 2019-01-13 13:09:26 +0900
Processing by UsersController#show as HTML
  Parameters: {"id"=>"1"}
  [1m[36mUser Load (0.3ms)[0m  [1m[34mSELECT  `users`.* FROM `users` WHERE `users`.`id` = 1 LIMIT 1[0m
  â†³ app/controllers/users_controller.rb:67
  Rendering users/show.html.erb within layouts/application
  Rendered users/show.html.erb within layouts/application (0.9ms)
Completed 200 OK in 21ms (Views: 15.6ms | ActiveRecord: 0.3ms)


Started GET "/users/1/edit" for 127.0.0.1 at 2019-01-13 13:09:29 +0900
Processing by UsersController#edit as HTML
  Parameters: {"id"=>"1"}
  [1m[36mUser Load (0.4ms)[0m  [1m[34mSELECT  `users`.* FROM `users` WHERE `users`.`id` = 1 LIMIT 1[0m
  â†³ app/controllers/users_controller.rb:67
  Rendering users/edit.html.erb within layouts/application
  Rendered users/_form.html.erb (2.2ms)
  Rendered users/edit.html.erb within layouts/application (4.4ms)
Completed 200 OK in 21ms (Views: 17.7ms | ActiveRecord: 0.4ms)


Started PATCH "/users/1" for 127.0.0.1 at 2019-01-13 13:09:57 +0900
Processing by UsersController#update as HTML
  Parameters: {"utf8"=>"âœ“", "authenticity_token"=>"mmXJvl4sbCTzmown3rZruvMVdahwzgj6EmrXEdeRwnKC9QEQZo2y3pkX6+w9ePLS1O7p/pUVDKBCA8YWv7g5jQ==", "user"=>{"name"=>"test", "email"=>"hoge@example.com"}, "commit"=>"Update User", "id"=>"1"}
  [1m[36mUser Load (0.5ms)[0m  [1m[34mSELECT  `users`.* FROM `users` WHERE `users`.`id` = 1 LIMIT 1[0m
  â†³ app/controllers/users_controller.rb:67
  [1m[35m (0.1ms)[0m  [1m[35mBEGIN[0m
  â†³ app/controllers/users_controller.rb:44
  [1m[36mUser Update (0.9ms)[0m  [1m[33mUPDATE `users` SET `email` = 'hoge@example.com', `updated_at` = '2019-01-13 04:09:57' WHERE `users`.`id` = 1[0m
  â†³ app/controllers/users_controller.rb:44
  [1m[35m (0.6ms)[0m  [1m[35mCOMMIT[0m
  â†³ app/controllers/users_controller.rb:44
Redirected to http://localhost:3000/users/1
Completed 302 Found in 8ms (ActiveRecord: 2.1ms)


Started GET "/users/1" for 127.0.0.1 at 2019-01-13 13:09:57 +0900
Processing by UsersController#show as HTML
  Parameters: {"id"=>"1"}
  [1m[36mUser Load (0.3ms)[0m  [1m[34mSELECT  `users`.* FROM `users` WHERE `users`.`id` = 1 LIMIT 1[0m
  â†³ app/controllers/users_controller.rb:67
  Rendering users/show.html.erb within layouts/application
  Rendered users/show.html.erb within layouts/application (0.8ms)
Completed 200 OK in 19ms (Views: 16.3ms | ActiveRecord: 0.3ms)


Started GET "/users" for 127.0.0.1 at 2019-01-13 13:10:24 +0900
Processing by UsersController#index as HTML
  Rendering users/index.html.erb within layouts/application
  [1m[36mUser Load (0.4ms)[0m  [1m[34mSELECT `users`.* FROM `users`[0m
  â†³ app/views/users/index.html.erb:15
  Rendered users/index.html.erb within layouts/application (2.4ms)
Completed 200 OK in 20ms (Views: 17.8ms | ActiveRecord: 0.4ms)


Started GET "/users/new" for 127.0.0.1 at 2019-01-13 13:10:56 +0900
Processing by UsersController#new as HTML
  Rendering users/new.html.erb within layouts/application
  Rendered users/_form.html.erb (1.5ms)
  Rendered users/new.html.erb within layouts/application (3.6ms)
Completed 200 OK in 22ms (Views: 18.9ms | ActiveRecord: 0.0ms)


Started POST "/users" for 127.0.0.1 at 2019-01-13 13:11:19 +0900
Processing by UsersController#create as HTML
  Parameters: {"utf8"=>"âœ“", "authenticity_token"=>"x/pNWogS77HMBZdM24wbsftbU1QvfTkJYqAgCaPIN3nfaoX0sLMxS6aI8Ic4QoLZ3KDPAsqmPVMyyTEOy+HMhg==", "user"=>{"name"=>"foobar", "email"=>"test@gmail.com"}, "commit"=>"Create User"}
  [1m[35m (0.2ms)[0m  [1m[35mBEGIN[0m
  â†³ app/controllers/users_controller.rb:30
  [1m[36mUser Create (0.3ms)[0m  [1m[32mINSERT INTO `users` (`name`, `email`, `created_at`, `updated_at`) VALUES ('foobar', 'test@gmail.com', '2019-01-13 04:11:19', '2019-01-13 04:11:19')[0m
  â†³ app/controllers/users_controller.rb:30
  [1m[35m (0.5ms)[0m  [1m[35mCOMMIT[0m
  â†³ app/controllers/users_controller.rb:30
Redirected to http://localhost:3000/users/2
Completed 302 Found in 6ms (ActiveRecord: 0.9ms)


Started GET "/users/2" for 127.0.0.1 at 2019-01-13 13:11:19 +0900
Processing by UsersController#show as HTML
  Parameters: {"id"=>"2"}
  [1m[36mUser Load (0.3ms)[0m  [1m[34mSELECT  `users`.* FROM `users` WHERE `users`.`id` = 2 LIMIT 1[0m
  â†³ app/controllers/users_controller.rb:67
  Rendering users/show.html.erb within layouts/application
  Rendered users/show.html.erb within layouts/application (0.7ms)
Completed 200 OK in 19ms (Views: 16.1ms | ActiveRecord: 0.3ms)


Started GET "/users" for 127.0.0.1 at 2019-01-13 13:11:21 +0900
Processing by UsersController#index as HTML
  Rendering users/index.html.erb within layouts/application
  [1m[36mUser Load (0.2ms)[0m  [1m[34mSELECT `users`.* FROM `users`[0m
  â†³ app/views/users/index.html.erb:15
  Rendered users/index.html.erb within layouts/application (2.0ms)
Completed 200 OK in 21ms (Views: 18.1ms | ActiveRecord: 0.2ms)


Started DELETE "/users/2" for 127.0.0.1 at 2019-01-13 13:11:57 +0900
Processing by UsersController#destroy as HTML
  Parameters: {"authenticity_token"=>"vg21c04ZC6t91YcQfotPAGGQSDXtLi1Ir0bNUdWE5memnX3ddrjVURdY4NudRdZoRmvUYwj1KRL/L9xWva0dmA==", "id"=>"2"}
  [1m[36mUser Load (0.8ms)[0m  [1m[34mSELECT  `users`.* FROM `users` WHERE `users`.`id` = 2 LIMIT 1[0m
  â†³ app/controllers/users_controller.rb:67
  [1m[35m (0.3ms)[0m  [1m[35mBEGIN[0m
  â†³ app/controllers/users_controller.rb:57
  [1m[36mUser Destroy (0.3ms)[0m  [1m[31mDELETE FROM `users` WHERE `users`.`id` = 2[0m
  â†³ app/controllers/users_controller.rb:57
  [1m[35m (1.8ms)[0m  [1m[35mCOMMIT[0m
  â†³ app/controllers/users_controller.rb:57
Redirected to http://localhost:3000/users
Completed 302 Found in 7ms (ActiveRecord: 3.1ms)


Started GET "/users" for 127.0.0.1 at 2019-01-13 13:11:57 +0900
Processing by UsersController#index as HTML
  Rendering users/index.html.erb within layouts/application
  [1m[36mUser Load (0.2ms)[0m  [1m[34mSELECT `users`.* FROM `users`[0m
  â†³ app/views/users/index.html.erb:15
  Rendered users/index.html.erb within layouts/application (1.7ms)
Completed 200 OK in 17ms (Views: 15.4ms | ActiveRecord: 0.2ms)


Started GET "/users/new" for 127.0.0.1 at 2019-01-13 13:12:54 +0900
Processing by UsersController#new as HTML
  Rendering users/new.html.erb within layouts/application
  Rendered users/_form.html.erb (1.8ms)
  Rendered users/new.html.erb within layouts/application (4.0ms)
Completed 200 OK in 23ms (Views: 21.2ms | ActiveRecord: 0.0ms)


Started POST "/users" for 127.0.0.1 at 2019-01-13 13:13:09 +0900
Processing by UsersController#create as HTML
  Parameters: {"utf8"=>"âœ“", "authenticity_token"=>"/AobC7L0NBldZ/arV+MyLO7iiRjENjXO3Kp8koYHIfnkmtOlilXq4zfqkWC0LatEyRkVTiHtMZSMw22V7i7aBg==", "user"=>{"name"=>"exercise3", "email"=>"test3@gmail.com"}, "commit"=>"Create User"}
  [1m[35m (0.2ms)[0m  [1m[35mBEGIN[0m
  â†³ app/controllers/users_controller.rb:30
  [1m[36mUser Create (0.4ms)[0m  [1m[32mINSERT INTO `users` (`name`, `email`, `created_at`, `updated_at`) VALUES ('exercise3', 'test3@gmail.com', '2019-01-13 04:13:09', '2019-01-13 04:13:09')[0m
  â†³ app/controllers/users_controller.rb:30
  [1m[35m (0.6ms)[0m  [1m[35mCOMMIT[0m
  â†³ app/controllers/users_controller.rb:30
Redirected to http://localhost:3000/users/3
Completed 302 Found in 5ms (ActiveRecord: 1.1ms)


Started GET "/users/3" for 127.0.0.1 at 2019-01-13 13:13:09 +0900
Processing by UsersController#show as HTML
  Parameters: {"id"=>"3"}
  [1m[36mUser Load (0.3ms)[0m  [1m[34mSELECT  `users`.* FROM `users` WHERE `users`.`id` = 3 LIMIT 1[0m
  â†³ app/controllers/users_controller.rb:67
  Rendering users/show.html.erb within layouts/application
  Rendered users/show.html.erb within layouts/application (0.8ms)
Completed 200 OK in 21ms (Views: 18.1ms | ActiveRecord: 0.3ms)


Started GET "/users/3" for 127.0.0.1 at 2019-01-13 13:14:54 +0900
Processing by UsersController#show as HTML
  Parameters: {"id"=>"3"}
  [1m[36mUser Load (0.3ms)[0m  [1m[34mSELECT  `users`.* FROM `users` WHERE `users`.`id` = 3 LIMIT 1[0m
  â†³ app/controllers/users_controller.rb:67
  Rendering users/show.html.erb within layouts/application
  Rendered users/show.html.erb within layouts/application (1.1ms)
Completed 200 OK in 21ms (Views: 17.7ms | ActiveRecord: 0.3ms)


Started GET "/users" for 127.0.0.1 at 2019-01-13 13:16:10 +0900
Processing by UsersController#index as HTML
  Rendering users/index.html.erb within layouts/application
  [1m[36mUser Load (0.2ms)[0m  [1m[34mSELECT `users`.* FROM `users`[0m
  â†³ app/views/users/index.html.erb:15
  Rendered users/index.html.erb within layouts/application (1.8ms)
Completed 200 OK in 20ms (Views: 17.9ms | ActiveRecord: 0.2ms)


Started GET "/users/new" for 127.0.0.1 at 2019-01-13 13:16:12 +0900
Processing by UsersController#new as HTML
  Rendering users/new.html.erb within layouts/application
  Rendered users/_form.html.erb (2.0ms)
  Rendered users/new.html.erb within layouts/application (4.6ms)
Completed 200 OK in 22ms (Views: 20.1ms | ActiveRecord: 0.0ms)


Started POST "/users" for 127.0.0.1 at 2019-01-13 13:16:21 +0900
Processing by UsersController#create as HTML
  Parameters: {"utf8"=>"âœ“", "authenticity_token"=>"pYrnwAm2pgha/Qx2ENEJOckjZt4kuFVuymFNojL+PWu9Gi9uMRd48jBwa73zH5BR7tj6iMFjUTSaCFylWtfGlA==", "user"=>{"name"=>"", "email"=>"hogehoge@gmail.com"}, "commit"=>"Create User"}
  [1m[35m (0.8ms)[0m  [1m[35mBEGIN[0m
  â†³ app/controllers/users_controller.rb:30
  [1m[36mUser Create (0.4ms)[0m  [1m[32mINSERT INTO `users` (`name`, `email`, `created_at`, `updated_at`) VALUES ('', 'hogehoge@gmail.com', '2019-01-13 04:16:21', '2019-01-13 04:16:21')[0m
  â†³ app/controllers/users_controller.rb:30
  [1m[35m (0.4ms)[0m  [1m[35mCOMMIT[0m
  â†³ app/controllers/users_controller.rb:30
Redirected to http://localhost:3000/users/4
Completed 302 Found in 7ms (ActiveRecord: 1.6ms)


Started GET "/users/4" for 127.0.0.1 at 2019-01-13 13:16:21 +0900
Processing by UsersController#show as HTML
  Parameters: {"id"=>"4"}
  [1m[36mUser Load (0.3ms)[0m  [1m[34mSELECT  `users`.* FROM `users` WHERE `users`.`id` = 4 LIMIT 1[0m
  â†³ app/controllers/users_controller.rb:67
  Rendering users/show.html.erb within layouts/application
  Rendered users/show.html.erb within layouts/application (0.8ms)
Completed 200 OK in 24ms (Views: 20.9ms | ActiveRecord: 0.3ms)


Started GET "/users" for 127.0.0.1 at 2019-01-13 13:16:36 +0900
Processing by UsersController#index as HTML
  Rendering users/index.html.erb within layouts/application
  [1m[36mUser Load (0.4ms)[0m  [1m[34mSELECT `users`.* FROM `users`[0m
  â†³ app/views/users/index.html.erb:15
  Rendered users/index.html.erb within layouts/application (2.2ms)
Completed 200 OK in 21ms (Views: 19.1ms | ActiveRecord: 0.4ms)


Started GET "/users/new" for 127.0.0.1 at 2019-01-13 13:16:38 +0900
Processing by UsersController#new as HTML
  Rendering users/new.html.erb within layouts/application
  Rendered users/_form.html.erb (2.4ms)
  Rendered users/new.html.erb within layouts/application (4.9ms)
Completed 200 OK in 23ms (Views: 21.0ms | ActiveRecord: 0.0ms)


Started POST "/users" for 127.0.0.1 at 2019-01-13 13:16:47 +0900
Processing by UsersController#create as HTML
  Parameters: {"utf8"=>"âœ“", "authenticity_token"=>"KkPzzGoFtcefpMvi7P8skCo4VKODetn+oV4VCQJTiFoy0ztiUqRrPfUprCkPMbX4DcPI9Wah3aTxNwQOanpzpQ==", "user"=>{"name"=>"test2", "email"=>"@gmail.com"}, "commit"=>"Create User"}
  [1m[35m (0.2ms)[0m  [1m[35mBEGIN[0m
  â†³ app/controllers/users_controller.rb:30
  [1m[36mUser Create (0.3ms)[0m  [1m[32mINSERT INTO `users` (`name`, `email`, `created_at`, `updated_at`) VALUES ('test2', '@gmail.com', '2019-01-13 04:16:47', '2019-01-13 04:16:47')[0m
  â†³ app/controllers/users_controller.rb:30
  [1m[35m (0.3ms)[0m  [1m[35mCOMMIT[0m
  â†³ app/controllers/users_controller.rb:30
Redirected to http://localhost:3000/users/5
Completed 302 Found in 4ms (ActiveRecord: 0.8ms)


Started GET "/users/5" for 127.0.0.1 at 2019-01-13 13:16:47 +0900
Processing by UsersController#show as HTML
  Parameters: {"id"=>"5"}
  [1m[36mUser Load (0.3ms)[0m  [1m[34mSELECT  `users`.* FROM `users` WHERE `users`.`id` = 5 LIMIT 1[0m
  â†³ app/controllers/users_controller.rb:67
  Rendering users/show.html.erb within layouts/application
  Rendered users/show.html.erb within layouts/application (0.8ms)
Completed 200 OK in 24ms (Views: 20.9ms | ActiveRecord: 0.3ms)


Started GET "/users" for 127.0.0.1 at 2019-01-13 13:16:54 +0900
Processing by UsersController#index as HTML
  Rendering users/index.html.erb within layouts/application
  [1m[36mUser Load (0.3ms)[0m  [1m[34mSELECT `users`.* FROM `users`[0m
  â†³ app/views/users/index.html.erb:15
  Rendered users/index.html.erb within layouts/application (2.7ms)
Completed 200 OK in 26ms (Views: 23.3ms | ActiveRecord: 0.3ms)


Started DELETE "/users/4" for 127.0.0.1 at 2019-01-13 13:17:06 +0900
Processing by UsersController#destroy as HTML
  Parameters: {"authenticity_token"=>"dDr2Wd+f77FMU/y/CG7FUQ5QREiJ7QAUfbyczVJLXntsqj735z4xSybem3TroFw5KavYHmw2BE4t1Y3KOmKlhA==", "id"=>"4"}
  [1m[36mUser Load (0.4ms)[0m  [1m[34mSELECT  `users`.* FROM `users` WHERE `users`.`id` = 4 LIMIT 1[0m
  â†³ app/controllers/users_controller.rb:67
  [1m[35m (0.7ms)[0m  [1m[35mBEGIN[0m
  â†³ app/controllers/users_controller.rb:57
  [1m[36mUser Destroy (0.6ms)[0m  [1m[31mDELETE FROM `users` WHERE `users`.`id` = 4[0m
  â†³ app/controllers/users_controller.rb:57
  [1m[35m (1.8ms)[0m  [1m[35mCOMMIT[0m
  â†³ app/controllers/users_controller.rb:57
Redirected to http://localhost:3000/users
Completed 302 Found in 7ms (ActiveRecord: 3.5ms)


Started GET "/users" for 127.0.0.1 at 2019-01-13 13:17:06 +0900
Processing by UsersController#index as HTML
  Rendering users/index.html.erb within layouts/application
  [1m[36mUser Load (0.2ms)[0m  [1m[34mSELECT `users`.* FROM `users`[0m
  â†³ app/views/users/index.html.erb:15
  Rendered users/index.html.erb within layouts/application (2.2ms)
Completed 200 OK in 25ms (Views: 23.6ms | ActiveRecord: 0.2ms)


Started DELETE "/users/5" for 127.0.0.1 at 2019-01-13 13:17:11 +0900
Processing by UsersController#destroy as HTML
  Parameters: {"authenticity_token"=>"jnIxDIFnfzapV1NqLj8iBwTQYxQ3wIJdzYahNJh1E+uW4vmiucahzMPaNKHN8btvIyv/QtIbhged77Az8FzoFA==", "id"=>"5"}
  [1m[36mUser Load (0.4ms)[0m  [1m[34mSELECT  `users`.* FROM `users` WHERE `users`.`id` = 5 LIMIT 1[0m
  â†³ app/controllers/users_controller.rb:67
  [1m[35m (0.1ms)[0m  [1m[35mBEGIN[0m
  â†³ app/controllers/users_controller.rb:57
  [1m[36mUser Destroy (0.4ms)[0m  [1m[31mDELETE FROM `users` WHERE `users`.`id` = 5[0m
  â†³ app/controllers/users_controller.rb:57
  [1m[35m (0.8ms)[0m  [1m[35mCOMMIT[0m
  â†³ app/controllers/users_controller.rb:57
Redirected to http://localhost:3000/users
Completed 302 Found in 6ms (ActiveRecord: 1.7ms)


Started GET "/users" for 127.0.0.1 at 2019-01-13 13:17:11 +0900
Processing by UsersController#index as HTML
  Rendering users/index.html.erb within layouts/application
  [1m[36mUser Load (0.3ms)[0m  [1m[34mSELECT `users`.* FROM `users`[0m
  â†³ app/views/users/index.html.erb:15
  Rendered users/index.html.erb within layouts/application (3.1ms)
Completed 200 OK in 28ms (Views: 26.4ms | ActiveRecord: 0.3ms)


Started GET "/users" for 127.0.0.1 at 2019-01-13 19:54:46 +0900
  [1m[35m (21.3ms)[0m  [1m[35mSET NAMES utf8,  @@SESSION.sql_mode = CONCAT(CONCAT(@@sql_mode, ',STRICT_ALL_TABLES'), ',NO_AUTO_VALUE_ON_ZERO'),  @@SESSION.sql_auto_is_null = 0, @@SESSION.wait_timeout = 2147483[0m
  â†³ /Users/subaru/.rbenv/versions/2.5.3/lib/ruby/gems/2.5.0/gems/activerecord-5.2.2/lib/active_record/log_subscriber.rb:98
  [1m[35m (10.1ms)[0m  [1m[34mSELECT `schema_migrations`.`version` FROM `schema_migrations` ORDER BY `schema_migrations`.`version` ASC[0m
  â†³ /Users/subaru/.rbenv/versions/2.5.3/lib/ruby/gems/2.5.0/gems/activerecord-5.2.2/lib/active_record/log_subscriber.rb:98
  
ActiveRecord::PendingMigrationError (

Migrations are pending. To resolve this issue, run:

        bin/rails db:migrate RAILS_ENV=development

):
  
activerecord (5.2.2) lib/active_record/migration.rb:579:in `check_pending!'
activerecord (5.2.2) lib/active_record/migration.rb:556:in `call'
actionpack (5.2.2) lib/action_dispatch/middleware/callbacks.rb:28:in `block in call'
activesupport (5.2.2) lib/active_support/callbacks.rb:98:in `run_callbacks'
actionpack (5.2.2) lib/action_dispatch/middleware/callbacks.rb:26:in `call'
actionpack (5.2.2) lib/action_dispatch/middleware/executor.rb:14:in `call'
actionpack (5.2.2) lib/action_dispatch/middleware/debug_exceptions.rb:61:in `call'
web-console (3.7.0) lib/web_console/middleware.rb:135:in `call_app'
web-console (3.7.0) lib/web_console/middleware.rb:30:in `block in call'
web-console (3.7.0) lib/web_console/middleware.rb:20:in `catch'
web-console (3.7.0) lib/web_console/middleware.rb:20:in `call'
actionpack (5.2.2) lib/action_dispatch/middleware/show_exceptions.rb:33:in `call'
railties (5.2.2) lib/rails/rack/logger.rb:38:in `call_app'
railties (5.2.2) lib/rails/rack/logger.rb:26:in `block in call'
activesupport (5.2.2) lib/active_support/tagged_logging.rb:71:in `block in tagged'
activesupport (5.2.2) lib/active_support/tagged_logging.rb:28:in `tagged'
activesupport (5.2.2) lib/active_support/tagged_logging.rb:71:in `tagged'
railties (5.2.2) lib/rails/rack/logger.rb:26:in `call'
sprockets-rails (3.2.1) lib/sprockets/rails/quiet_assets.rb:13:in `call'
actionpack (5.2.2) lib/action_dispatch/middleware/remote_ip.rb:81:in `call'
actionpack (5.2.2) lib/action_dispatch/middleware/request_id.rb:27:in `call'
rack (2.0.6) lib/rack/method_override.rb:22:in `call'
rack (2.0.6) lib/rack/runtime.rb:22:in `call'
activesupport (5.2.2) lib/active_support/cache/strategy/local_cache_middleware.rb:29:in `call'
actionpack (5.2.2) lib/action_dispatch/middleware/executor.rb:14:in `call'
actionpack (5.2.2) lib/action_dispatch/middleware/static.rb:127:in `call'
rack (2.0.6) lib/rack/sendfile.rb:111:in `call'
railties (5.2.2) lib/rails/engine.rb:524:in `call'
puma (3.12.0) lib/puma/configuration.rb:225:in `call'
puma (3.12.0) lib/puma/server.rb:658:in `handle_request'
puma (3.12.0) lib/puma/server.rb:472:in `process_client'
puma (3.12.0) lib/puma/server.rb:332:in `block in run'
puma (3.12.0) lib/puma/thread_pool.rb:133:in `block in spawn_thread'
Started GET "/" for 127.0.0.1 at 2019-01-13 19:54:53 +0900
  [1m[35m (0.3ms)[0m  [1m[34mSELECT `schema_migrations`.`version` FROM `schema_migrations` ORDER BY `schema_migrations`.`version` ASC[0m
  â†³ /Users/subaru/.rbenv/versions/2.5.3/lib/ruby/gems/2.5.0/gems/activerecord-5.2.2/lib/active_record/log_subscriber.rb:98
  
ActiveRecord::PendingMigrationError (

Migrations are pending. To resolve this issue, run:

        bin/rails db:migrate RAILS_ENV=development

):
  
activerecord (5.2.2) lib/active_record/migration.rb:579:in `check_pending!'
activerecord (5.2.2) lib/active_record/migration.rb:556:in `call'
actionpack (5.2.2) lib/action_dispatch/middleware/callbacks.rb:28:in `block in call'
activesupport (5.2.2) lib/active_support/callbacks.rb:98:in `run_callbacks'
actionpack (5.2.2) lib/action_dispatch/middleware/callbacks.rb:26:in `call'
actionpack (5.2.2) lib/action_dispatch/middleware/executor.rb:14:in `call'
actionpack (5.2.2) lib/action_dispatch/middleware/debug_exceptions.rb:61:in `call'
web-console (3.7.0) lib/web_console/middleware.rb:135:in `call_app'
web-console (3.7.0) lib/web_console/middleware.rb:30:in `block in call'
web-console (3.7.0) lib/web_console/middleware.rb:20:in `catch'
web-console (3.7.0) lib/web_console/middleware.rb:20:in `call'
actionpack (5.2.2) lib/action_dispatch/middleware/show_exceptions.rb:33:in `call'
railties (5.2.2) lib/rails/rack/logger.rb:38:in `call_app'
railties (5.2.2) lib/rails/rack/logger.rb:26:in `block in call'
activesupport (5.2.2) lib/active_support/tagged_logging.rb:71:in `block in tagged'
activesupport (5.2.2) lib/active_support/tagged_logging.rb:28:in `tagged'
activesupport (5.2.2) lib/active_support/tagged_logging.rb:71:in `tagged'
railties (5.2.2) lib/rails/rack/logger.rb:26:in `call'
sprockets-rails (3.2.1) lib/sprockets/rails/quiet_assets.rb:13:in `call'
actionpack (5.2.2) lib/action_dispatch/middleware/remote_ip.rb:81:in `call'
actionpack (5.2.2) lib/action_dispatch/middleware/request_id.rb:27:in `call'
rack (2.0.6) lib/rack/method_override.rb:22:in `call'
rack (2.0.6) lib/rack/runtime.rb:22:in `call'
activesupport (5.2.2) lib/active_support/cache/strategy/local_cache_middleware.rb:29:in `call'
actionpack (5.2.2) lib/action_dispatch/middleware/executor.rb:14:in `call'
actionpack (5.2.2) lib/action_dispatch/middleware/static.rb:127:in `call'
rack (2.0.6) lib/rack/sendfile.rb:111:in `call'
railties (5.2.2) lib/rails/engine.rb:524:in `call'
puma (3.12.0) lib/puma/configuration.rb:225:in `call'
puma (3.12.0) lib/puma/server.rb:658:in `handle_request'
puma (3.12.0) lib/puma/server.rb:472:in `process_client'
puma (3.12.0) lib/puma/server.rb:332:in `block in run'
puma (3.12.0) lib/puma/thread_pool.rb:133:in `block in spawn_thread'
Started GET "/micropost/new" for 127.0.0.1 at 2019-01-13 19:55:03 +0900
  [1m[35m (0.3ms)[0m  [1m[34mSELECT `schema_migrations`.`version` FROM `schema_migrations` ORDER BY `schema_migrations`.`version` ASC[0m
  â†³ /Users/subaru/.rbenv/versions/2.5.3/lib/ruby/gems/2.5.0/gems/activerecord-5.2.2/lib/active_record/log_subscriber.rb:98
  
ActiveRecord::PendingMigrationError (

Migrations are pending. To resolve this issue, run:

        bin/rails db:migrate RAILS_ENV=development

):
  
activerecord (5.2.2) lib/active_record/migration.rb:579:in `check_pending!'
activerecord (5.2.2) lib/active_record/migration.rb:556:in `call'
actionpack (5.2.2) lib/action_dispatch/middleware/callbacks.rb:28:in `block in call'
activesupport (5.2.2) lib/active_support/callbacks.rb:98:in `run_callbacks'
actionpack (5.2.2) lib/action_dispatch/middleware/callbacks.rb:26:in `call'
actionpack (5.2.2) lib/action_dispatch/middleware/executor.rb:14:in `call'
actionpack (5.2.2) lib/action_dispatch/middleware/debug_exceptions.rb:61:in `call'
web-console (3.7.0) lib/web_console/middleware.rb:135:in `call_app'
web-console (3.7.0) lib/web_console/middleware.rb:30:in `block in call'
web-console (3.7.0) lib/web_console/middleware.rb:20:in `catch'
web-console (3.7.0) lib/web_console/middleware.rb:20:in `call'
actionpack (5.2.2) lib/action_dispatch/middleware/show_exceptions.rb:33:in `call'
railties (5.2.2) lib/rails/rack/logger.rb:38:in `call_app'
railties (5.2.2) lib/rails/rack/logger.rb:26:in `block in call'
activesupport (5.2.2) lib/active_support/tagged_logging.rb:71:in `block in tagged'
activesupport (5.2.2) lib/active_support/tagged_logging.rb:28:in `tagged'
activesupport (5.2.2) lib/active_support/tagged_logging.rb:71:in `tagged'
railties (5.2.2) lib/rails/rack/logger.rb:26:in `call'
sprockets-rails (3.2.1) lib/sprockets/rails/quiet_assets.rb:13:in `call'
actionpack (5.2.2) lib/action_dispatch/middleware/remote_ip.rb:81:in `call'
actionpack (5.2.2) lib/action_dispatch/middleware/request_id.rb:27:in `call'
rack (2.0.6) lib/rack/method_override.rb:22:in `call'
rack (2.0.6) lib/rack/runtime.rb:22:in `call'
activesupport (5.2.2) lib/active_support/cache/strategy/local_cache_middleware.rb:29:in `call'
actionpack (5.2.2) lib/action_dispatch/middleware/executor.rb:14:in `call'
actionpack (5.2.2) lib/action_dispatch/middleware/static.rb:127:in `call'
rack (2.0.6) lib/rack/sendfile.rb:111:in `call'
railties (5.2.2) lib/rails/engine.rb:524:in `call'
puma (3.12.0) lib/puma/configuration.rb:225:in `call'
puma (3.12.0) lib/puma/server.rb:658:in `handle_request'
puma (3.12.0) lib/puma/server.rb:472:in `process_client'
puma (3.12.0) lib/puma/server.rb:332:in `block in run'
puma (3.12.0) lib/puma/thread_pool.rb:133:in `block in spawn_thread'
Started GET "/microposts/new" for 127.0.0.1 at 2019-01-13 19:56:02 +0900
  [1m[35m (0.4ms)[0m  [1m[34mSELECT `schema_migrations`.`version` FROM `schema_migrations` ORDER BY `schema_migrations`.`version` ASC[0m
  â†³ /Users/subaru/.rbenv/versions/2.5.3/lib/ruby/gems/2.5.0/gems/activerecord-5.2.2/lib/active_record/log_subscriber.rb:98
  
ActiveRecord::PendingMigrationError (

Migrations are pending. To resolve this issue, run:

        bin/rails db:migrate RAILS_ENV=development

):
  
activerecord (5.2.2) lib/active_record/migration.rb:579:in `check_pending!'
activerecord (5.2.2) lib/active_record/migration.rb:556:in `call'
actionpack (5.2.2) lib/action_dispatch/middleware/callbacks.rb:28:in `block in call'
activesupport (5.2.2) lib/active_support/callbacks.rb:98:in `run_callbacks'
actionpack (5.2.2) lib/action_dispatch/middleware/callbacks.rb:26:in `call'
actionpack (5.2.2) lib/action_dispatch/middleware/executor.rb:14:in `call'
actionpack (5.2.2) lib/action_dispatch/middleware/debug_exceptions.rb:61:in `call'
web-console (3.7.0) lib/web_console/middleware.rb:135:in `call_app'
web-console (3.7.0) lib/web_console/middleware.rb:30:in `block in call'
web-console (3.7.0) lib/web_console/middleware.rb:20:in `catch'
web-console (3.7.0) lib/web_console/middleware.rb:20:in `call'
actionpack (5.2.2) lib/action_dispatch/middleware/show_exceptions.rb:33:in `call'
railties (5.2.2) lib/rails/rack/logger.rb:38:in `call_app'
railties (5.2.2) lib/rails/rack/logger.rb:26:in `block in call'
activesupport (5.2.2) lib/active_support/tagged_logging.rb:71:in `block in tagged'
activesupport (5.2.2) lib/active_support/tagged_logging.rb:28:in `tagged'
activesupport (5.2.2) lib/active_support/tagged_logging.rb:71:in `tagged'
railties (5.2.2) lib/rails/rack/logger.rb:26:in `call'
sprockets-rails (3.2.1) lib/sprockets/rails/quiet_assets.rb:13:in `call'
actionpack (5.2.2) lib/action_dispatch/middleware/remote_ip.rb:81:in `call'
actionpack (5.2.2) lib/action_dispatch/middleware/request_id.rb:27:in `call'
rack (2.0.6) lib/rack/method_override.rb:22:in `call'
rack (2.0.6) lib/rack/runtime.rb:22:in `call'
activesupport (5.2.2) lib/active_support/cache/strategy/local_cache_middleware.rb:29:in `call'
actionpack (5.2.2) lib/action_dispatch/middleware/executor.rb:14:in `call'
actionpack (5.2.2) lib/action_dispatch/middleware/static.rb:127:in `call'
rack (2.0.6) lib/rack/sendfile.rb:111:in `call'
railties (5.2.2) lib/rails/engine.rb:524:in `call'
puma (3.12.0) lib/puma/configuration.rb:225:in `call'
puma (3.12.0) lib/puma/server.rb:658:in `handle_request'
puma (3.12.0) lib/puma/server.rb:472:in `process_client'
puma (3.12.0) lib/puma/server.rb:332:in `block in run'
puma (3.12.0) lib/puma/thread_pool.rb:133:in `block in spawn_thread'
Started GET "/microposts/new" for 127.0.0.1 at 2019-01-13 19:56:33 +0900
  [1m[35m (0.5ms)[0m  [1m[35mSET NAMES utf8,  @@SESSION.sql_mode = CONCAT(CONCAT(@@sql_mode, ',STRICT_ALL_TABLES'), ',NO_AUTO_VALUE_ON_ZERO'),  @@SESSION.sql_auto_is_null = 0, @@SESSION.wait_timeout = 2147483[0m
  â†³ /Users/subaru/.rbenv/versions/2.5.3/lib/ruby/gems/2.5.0/gems/activerecord-5.2.2/lib/active_record/log_subscriber.rb:98
  [1m[35m (0.4ms)[0m  [1m[34mSELECT `schema_migrations`.`version` FROM `schema_migrations` ORDER BY `schema_migrations`.`version` ASC[0m
  â†³ /Users/subaru/.rbenv/versions/2.5.3/lib/ruby/gems/2.5.0/gems/activerecord-5.2.2/lib/active_record/log_subscriber.rb:98
  
ActiveRecord::PendingMigrationError (

Migrations are pending. To resolve this issue, run:

        bin/rails db:migrate RAILS_ENV=development

):
  
activerecord (5.2.2) lib/active_record/migration.rb:579:in `check_pending!'
activerecord (5.2.2) lib/active_record/migration.rb:556:in `call'
actionpack (5.2.2) lib/action_dispatch/middleware/callbacks.rb:28:in `block in call'
activesupport (5.2.2) lib/active_support/callbacks.rb:98:in `run_callbacks'
actionpack (5.2.2) lib/action_dispatch/middleware/callbacks.rb:26:in `call'
actionpack (5.2.2) lib/action_dispatch/middleware/executor.rb:14:in `call'
actionpack (5.2.2) lib/action_dispatch/middleware/debug_exceptions.rb:61:in `call'
web-console (3.7.0) lib/web_console/middleware.rb:135:in `call_app'
web-console (3.7.0) lib/web_console/middleware.rb:30:in `block in call'
web-console (3.7.0) lib/web_console/middleware.rb:20:in `catch'
web-console (3.7.0) lib/web_console/middleware.rb:20:in `call'
actionpack (5.2.2) lib/action_dispatch/middleware/show_exceptions.rb:33:in `call'
railties (5.2.2) lib/rails/rack/logger.rb:38:in `call_app'
railties (5.2.2) lib/rails/rack/logger.rb:26:in `block in call'
activesupport (5.2.2) lib/active_support/tagged_logging.rb:71:in `block in tagged'
activesupport (5.2.2) lib/active_support/tagged_logging.rb:28:in `tagged'
activesupport (5.2.2) lib/active_support/tagged_logging.rb:71:in `tagged'
railties (5.2.2) lib/rails/rack/logger.rb:26:in `call'
sprockets-rails (3.2.1) lib/sprockets/rails/quiet_assets.rb:13:in `call'
actionpack (5.2.2) lib/action_dispatch/middleware/remote_ip.rb:81:in `call'
actionpack (5.2.2) lib/action_dispatch/middleware/request_id.rb:27:in `call'
rack (2.0.6) lib/rack/method_override.rb:22:in `call'
rack (2.0.6) lib/rack/runtime.rb:22:in `call'
activesupport (5.2.2) lib/active_support/cache/strategy/local_cache_middleware.rb:29:in `call'
actionpack (5.2.2) lib/action_dispatch/middleware/executor.rb:14:in `call'
actionpack (5.2.2) lib/action_dispatch/middleware/static.rb:127:in `call'
rack (2.0.6) lib/rack/sendfile.rb:111:in `call'
railties (5.2.2) lib/rails/engine.rb:524:in `call'
puma (3.12.0) lib/puma/configuration.rb:225:in `call'
puma (3.12.0) lib/puma/server.rb:658:in `handle_request'
puma (3.12.0) lib/puma/server.rb:472:in `process_client'
puma (3.12.0) lib/puma/server.rb:332:in `block in run'
puma (3.12.0) lib/puma/thread_pool.rb:133:in `block in spawn_thread'
  [1m[35m (0.3ms)[0m  [1m[35mSET NAMES utf8,  @@SESSION.sql_mode = CONCAT(CONCAT(@@sql_mode, ',STRICT_ALL_TABLES'), ',NO_AUTO_VALUE_ON_ZERO'),  @@SESSION.sql_auto_is_null = 0, @@SESSION.wait_timeout = 2147483[0m
  â†³ bin/rails:4
  [1m[35m (0.1ms)[0m  [1m[34mSELECT GET_LOCK('7879438643346964470', 0)[0m
  â†³ bin/rails:4
  [1m[35m (0.2ms)[0m  [1m[34mSELECT `schema_migrations`.`version` FROM `schema_migrations` ORDER BY `schema_migrations`.`version` ASC[0m
  â†³ bin/rails:4
Migrating to CreateMicroposts (20190113105221)
  [1m[35m (26.6ms)[0m  [1m[35mCREATE TABLE `microposts` (`id` bigint NOT NULL AUTO_INCREMENT PRIMARY KEY, `content` text, `user_id` int, `created_at` datetime NOT NULL, `updated_at` datetime NOT NULL)[0m
  â†³ db/migrate/20190113105221_create_microposts.rb:3
  [1m[35m (0.2ms)[0m  [1m[35mBEGIN[0m
  â†³ bin/rails:4
  [1m[36mActiveRecord::SchemaMigration Create (0.3ms)[0m  [1m[32mINSERT INTO `schema_migrations` (`version`) VALUES ('20190113105221')[0m
  â†³ bin/rails:4
  [1m[35m (0.4ms)[0m  [1m[35mCOMMIT[0m
  â†³ bin/rails:4
  [1m[36mActiveRecord::InternalMetadata Load (7.3ms)[0m  [1m[34mSELECT  `ar_internal_metadata`.* FROM `ar_internal_metadata` WHERE `ar_internal_metadata`.`key` = 'environment' LIMIT 1[0m
  â†³ bin/rails:4
  [1m[35m (0.1ms)[0m  [1m[35mBEGIN[0m
  â†³ bin/rails:4
  [1m[35m (0.1ms)[0m  [1m[35mCOMMIT[0m
  â†³ bin/rails:4
  [1m[35m (0.1ms)[0m  [1m[34mSELECT RELEASE_LOCK('7879438643346964470')[0m
  â†³ bin/rails:4
  [1m[35m (0.2ms)[0m  [1m[34mSELECT `schema_migrations`.`version` FROM `schema_migrations` ORDER BY `schema_migrations`.`version` ASC[0m
  â†³ bin/rails:4
Started GET "/microposts/new" for 127.0.0.1 at 2019-01-13 19:57:25 +0900
  [1m[35m (0.1ms)[0m  [1m[34mSELECT `schema_migrations`.`version` FROM `schema_migrations` ORDER BY `schema_migrations`.`version` ASC[0m
  â†³ /Users/subaru/.rbenv/versions/2.5.3/lib/ruby/gems/2.5.0/gems/activerecord-5.2.2/lib/active_record/log_subscriber.rb:98
Processing by MicropostsController#new as HTML
  Rendering microposts/new.html.erb within layouts/application
  Rendered microposts/_form.html.erb (29.0ms)
  Rendered microposts/new.html.erb within layouts/application (31.5ms)
Completed 200 OK in 285ms (Views: 270.9ms | ActiveRecord: 5.9ms)


Started POST "/microposts" for 127.0.0.1 at 2019-01-13 19:58:10 +0900
Processing by MicropostsController#create as HTML
  Parameters: {"utf8"=>"âœ“", "authenticity_token"=>"1INMGg6RVurD+ak8tB7TIPrTGOscCBf0LPhhWMUwPFDME4S0NjCIEKl0zvdX0EpI3SiEvfnTE658kXBfrRnHrw==", "micropost"=>{"content"=>"Micropost test", "user_id"=>"1"}, "commit"=>"Create Micropost"}
  [1m[35m (0.2ms)[0m  [1m[35mBEGIN[0m
  â†³ app/controllers/microposts_controller.rb:30
  [1m[36mMicropost Create (0.2ms)[0m  [1m[32mINSERT INTO `microposts` (`content`, `user_id`, `created_at`, `updated_at`) VALUES ('Micropost test', 1, '2019-01-13 10:58:10', '2019-01-13 10:58:10')[0m
  â†³ app/controllers/microposts_controller.rb:30
  [1m[35m (0.5ms)[0m  [1m[35mCOMMIT[0m
  â†³ app/controllers/microposts_controller.rb:30
Redirected to http://localhost:3000/microposts/1
Completed 302 Found in 4ms (ActiveRecord: 0.9ms)


Started GET "/microposts/1" for 127.0.0.1 at 2019-01-13 19:58:10 +0900
Processing by MicropostsController#show as HTML
  Parameters: {"id"=>"1"}
  [1m[36mMicropost Load (0.4ms)[0m  [1m[34mSELECT  `microposts`.* FROM `microposts` WHERE `microposts`.`id` = 1 LIMIT 1[0m
  â†³ app/controllers/microposts_controller.rb:67
  Rendering microposts/show.html.erb within layouts/application
  Rendered microposts/show.html.erb within layouts/application (0.7ms)
Completed 200 OK in 19ms (Views: 14.5ms | ActiveRecord: 0.4ms)


Started GET "/microposts" for 127.0.0.1 at 2019-01-13 19:58:16 +0900
Processing by MicropostsController#index as HTML
  Rendering microposts/index.html.erb within layouts/application
  [1m[36mMicropost Load (0.3ms)[0m  [1m[34mSELECT `microposts`.* FROM `microposts`[0m
  â†³ app/views/microposts/index.html.erb:15
  Rendered microposts/index.html.erb within layouts/application (2.7ms)
Completed 200 OK in 43ms (Views: 40.0ms | ActiveRecord: 0.3ms)


Started GET "/microposts/new" for 127.0.0.1 at 2019-01-13 19:58:17 +0900
Processing by MicropostsController#new as HTML
  Rendering microposts/new.html.erb within layouts/application
  Rendered microposts/_form.html.erb (2.5ms)
  Rendered microposts/new.html.erb within layouts/application (4.9ms)
Completed 200 OK in 26ms (Views: 24.2ms | ActiveRecord: 0.0ms)


Started POST "/microposts" for 127.0.0.1 at 2019-01-13 19:58:27 +0900
Processing by MicropostsController#create as HTML
  Parameters: {"utf8"=>"âœ“", "authenticity_token"=>"KpahFz8IAbSkIsIziXGgb2QE+0Yk29bANgTGRY9d6F4yBmm5B6nfTs6vpfhqvzkHQ/9nEMEA0ppmbddC53QToQ==", "micropost"=>{"content"=>"test2", "user_id"=>"2"}, "commit"=>"Create Micropost"}
  [1m[35m (0.1ms)[0m  [1m[35mBEGIN[0m
  â†³ app/controllers/microposts_controller.rb:30
  [1m[36mMicropost Create (0.4ms)[0m  [1m[32mINSERT INTO `microposts` (`content`, `user_id`, `created_at`, `updated_at`) VALUES ('test2', 2, '2019-01-13 10:58:27', '2019-01-13 10:58:27')[0m
  â†³ app/controllers/microposts_controller.rb:30
  [1m[35m (1.2ms)[0m  [1m[35mCOMMIT[0m
  â†³ app/controllers/microposts_controller.rb:30
Redirected to http://localhost:3000/microposts/2
Completed 302 Found in 5ms (ActiveRecord: 1.7ms)


Started GET "/microposts/2" for 127.0.0.1 at 2019-01-13 19:58:27 +0900
Processing by MicropostsController#show as HTML
  Parameters: {"id"=>"2"}
  [1m[36mMicropost Load (0.3ms)[0m  [1m[34mSELECT  `microposts`.* FROM `microposts` WHERE `microposts`.`id` = 2 LIMIT 1[0m
  â†³ app/controllers/microposts_controller.rb:67
  Rendering microposts/show.html.erb within layouts/application
  Rendered microposts/show.html.erb within layouts/application (1.0ms)
Completed 200 OK in 23ms (Views: 19.6ms | ActiveRecord: 0.3ms)


Started GET "/microposts" for 127.0.0.1 at 2019-01-13 19:58:29 +0900
Processing by MicropostsController#index as HTML
  Rendering microposts/index.html.erb within layouts/application
  [1m[36mMicropost Load (0.3ms)[0m  [1m[34mSELECT `microposts`.* FROM `microposts`[0m
  â†³ app/views/microposts/index.html.erb:15
  Rendered microposts/index.html.erb within layouts/application (2.7ms)
Completed 200 OK in 28ms (Views: 26.4ms | ActiveRecord: 0.3ms)


Started GET "/microposts/new" for 127.0.0.1 at 2019-01-13 20:07:04 +0900
  [1m[35m (0.3ms)[0m  [1m[35mSET NAMES utf8,  @@SESSION.sql_mode = CONCAT(CONCAT(@@sql_mode, ',STRICT_ALL_TABLES'), ',NO_AUTO_VALUE_ON_ZERO'),  @@SESSION.sql_auto_is_null = 0, @@SESSION.wait_timeout = 2147483[0m
  â†³ /Users/subaru/.rbenv/versions/2.5.3/lib/ruby/gems/2.5.0/gems/activerecord-5.2.2/lib/active_record/log_subscriber.rb:98
Processing by MicropostsController#new as HTML
  Rendering microposts/new.html.erb within layouts/application
  Rendered microposts/_form.html.erb (2.6ms)
  Rendered microposts/new.html.erb within layouts/application (5.3ms)
Completed 200 OK in 32ms (Views: 30.0ms | ActiveRecord: 0.0ms)


Started POST "/microposts" for 127.0.0.1 at 2019-01-13 20:07:09 +0900
Processing by MicropostsController#create as HTML
  Parameters: {"utf8"=>"âœ“", "authenticity_token"=>"YJc+PUkoqs6lwcEJ0/l2FxwxksfuGtmtHXOmS+LFmJ54B/aTcYl0NM9MpsIwN+9/O8oOkQvB3fdNGrdMiuxjYQ==", "micropost"=>{"content"=>"test", "user_id"=>"1"}, "commit"=>"Create Micropost"}
  [1m[35m (0.5ms)[0m  [1m[35mBEGIN[0m
  â†³ app/controllers/microposts_controller.rb:30
  [1m[36mMicropost Create (0.3ms)[0m  [1m[32mINSERT INTO `microposts` (`content`, `user_id`, `created_at`, `updated_at`) VALUES ('test', 1, '2019-01-13 11:07:09', '2019-01-13 11:07:09')[0m
  â†³ app/controllers/microposts_controller.rb:30
  [1m[35m (2.0ms)[0m  [1m[35mCOMMIT[0m
  â†³ app/controllers/microposts_controller.rb:30
Redirected to http://localhost:3000/microposts/3
Completed 302 Found in 8ms (ActiveRecord: 2.8ms)


Started GET "/microposts/3" for 127.0.0.1 at 2019-01-13 20:07:09 +0900
Processing by MicropostsController#show as HTML
  Parameters: {"id"=>"3"}
  [1m[36mMicropost Load (0.7ms)[0m  [1m[34mSELECT  `microposts`.* FROM `microposts` WHERE `microposts`.`id` = 3 LIMIT 1[0m
  â†³ app/controllers/microposts_controller.rb:67
  Rendering microposts/show.html.erb within layouts/application
  Rendered microposts/show.html.erb within layouts/application (0.9ms)
Completed 200 OK in 31ms (Views: 24.6ms | ActiveRecord: 1.6ms)


Started GET "/microposts" for 127.0.0.1 at 2019-01-13 20:10:24 +0900
Processing by MicropostsController#index as HTML
  Rendering microposts/index.html.erb within layouts/application
  [1m[36mMicropost Load (0.3ms)[0m  [1m[34mSELECT `microposts`.* FROM `microposts`[0m
  â†³ app/views/microposts/index.html.erb:15
  Rendered microposts/index.html.erb within layouts/application (2.6ms)
Completed 200 OK in 33ms (Views: 31.0ms | ActiveRecord: 0.3ms)


Started GET "/microposts/new" for 127.0.0.1 at 2019-01-13 20:10:25 +0900
Processing by MicropostsController#new as HTML
  Rendering microposts/new.html.erb within layouts/application
  Rendered microposts/_form.html.erb (1.9ms)
  Rendered microposts/new.html.erb within layouts/application (4.8ms)
Completed 200 OK in 33ms (Views: 30.5ms | ActiveRecord: 0.0ms)


Started POST "/microposts" for 127.0.0.1 at 2019-01-13 20:10:26 +0900
Processing by MicropostsController#create as HTML
  Parameters: {"utf8"=>"âœ“", "authenticity_token"=>"AFfrkDNtpFFF2k9TpoXrzhaKfG2U0TYrCs0kKuWNQW8YxyM+C8x6qy9XKJhFS3KmMXHgO3EKMnFapDUtjaS6kA==", "micropost"=>{"content"=>"", "user_id"=>""}, "commit"=>"Create Micropost"}
  [1m[35m (0.1ms)[0m  [1m[35mBEGIN[0m
  â†³ app/controllers/microposts_controller.rb:30
  [1m[36mMicropost Create (0.4ms)[0m  [1m[32mINSERT INTO `microposts` (`content`, `created_at`, `updated_at`) VALUES ('', '2019-01-13 11:10:26', '2019-01-13 11:10:26')[0m
  â†³ app/controllers/microposts_controller.rb:30
  [1m[35m (0.3ms)[0m  [1m[35mCOMMIT[0m
  â†³ app/controllers/microposts_controller.rb:30
Redirected to http://localhost:3000/microposts/4
Completed 302 Found in 5ms (ActiveRecord: 0.9ms)


Started GET "/microposts/4" for 127.0.0.1 at 2019-01-13 20:10:26 +0900
Processing by MicropostsController#show as HTML
  Parameters: {"id"=>"4"}
  [1m[36mMicropost Load (0.4ms)[0m  [1m[34mSELECT  `microposts`.* FROM `microposts` WHERE `microposts`.`id` = 4 LIMIT 1[0m
  â†³ app/controllers/microposts_controller.rb:67
  Rendering microposts/show.html.erb within layouts/application
  Rendered microposts/show.html.erb within layouts/application (1.5ms)
Completed 200 OK in 24ms (Views: 19.6ms | ActiveRecord: 0.4ms)


Started GET "/microposts" for 127.0.0.1 at 2019-01-13 20:10:32 +0900
Processing by MicropostsController#index as HTML
  Rendering microposts/index.html.erb within layouts/application
  [1m[36mMicropost Load (0.3ms)[0m  [1m[34mSELECT `microposts`.* FROM `microposts`[0m
  â†³ app/views/microposts/index.html.erb:15
  Rendered microposts/index.html.erb within layouts/application (2.4ms)
Completed 200 OK in 23ms (Views: 19.6ms | ActiveRecord: 0.3ms)


Started GET "/microposts/new" for 127.0.0.1 at 2019-01-13 20:11:00 +0900
Processing by MicropostsController#new as HTML
  Rendering microposts/new.html.erb within layouts/application
  Rendered microposts/_form.html.erb (2.3ms)
  Rendered microposts/new.html.erb within layouts/application (4.4ms)
Completed 200 OK in 22ms (Views: 20.4ms | ActiveRecord: 0.0ms)


Started POST "/microposts" for 127.0.0.1 at 2019-01-13 20:11:28 +0900
Processing by MicropostsController#create as HTML
  Parameters: {"utf8"=>"âœ“", "authenticity_token"=>"+innNe9pPKVyyZFnw2QJ2q9G/FRzQeGxKjeSmX9kKEziuS+b18jiXxhE9qwgqpCyiL1gApaa5et6XoOeF03Tsw==", "micropost"=>{"content"=>"12345678945123456789012345678912345678912345678912345678912345678923456789123456789012345678901234567890123456789012345678901234567890123456789012345678902345678901234567890123456789012345678901234567890", "user_id"=>"2"}, "commit"=>"Create Micropost"}
  [1m[35m (0.3ms)[0m  [1m[35mBEGIN[0m
  â†³ app/controllers/microposts_controller.rb:30
  [1m[36mMicropost Create (0.3ms)[0m  [1m[32mINSERT INTO `microposts` (`content`, `user_id`, `created_at`, `updated_at`) VALUES ('12345678945123456789012345678912345678912345678912345678912345678923456789123456789012345678901234567890123456789012345678901234567890123456789012345678902345678901234567890123456789012345678901234567890', 2, '2019-01-13 11:11:28', '2019-01-13 11:11:28')[0m
  â†³ app/controllers/microposts_controller.rb:30
  [1m[35m (1.8ms)[0m  [1m[35mCOMMIT[0m
  â†³ app/controllers/microposts_controller.rb:30
Redirected to http://localhost:3000/microposts/5
Completed 302 Found in 7ms (ActiveRecord: 2.3ms)


Started GET "/microposts/5" for 127.0.0.1 at 2019-01-13 20:11:28 +0900
Processing by MicropostsController#show as HTML
  Parameters: {"id"=>"5"}
  [1m[36mMicropost Load (0.4ms)[0m  [1m[34mSELECT  `microposts`.* FROM `microposts` WHERE `microposts`.`id` = 5 LIMIT 1[0m
  â†³ app/controllers/microposts_controller.rb:67
  Rendering microposts/show.html.erb within layouts/application
  Rendered microposts/show.html.erb within layouts/application (0.8ms)
Completed 200 OK in 21ms (Views: 18.1ms | ActiveRecord: 0.4ms)


Started GET "/microposts" for 127.0.0.1 at 2019-01-13 20:11:34 +0900
Processing by MicropostsController#index as HTML
  Rendering microposts/index.html.erb within layouts/application
  [1m[36mMicropost Load (0.3ms)[0m  [1m[34mSELECT `microposts`.* FROM `microposts`[0m
  â†³ app/views/microposts/index.html.erb:15
  Rendered microposts/index.html.erb within layouts/application (2.7ms)
Completed 200 OK in 23ms (Views: 21.2ms | ActiveRecord: 0.3ms)


Started DELETE "/microposts/5" for 127.0.0.1 at 2019-01-13 20:11:41 +0900
Processing by MicropostsController#destroy as HTML
  Parameters: {"authenticity_token"=>"jbEzhAfU2uViH/hWX3lmQhIl3GB1CfnbF8+oIiArFICVIfsqP3UEHwiSn528t/8qNd5ANpDS/YFHprklSALvfw==", "id"=>"5"}
  [1m[36mMicropost Load (0.4ms)[0m  [1m[34mSELECT  `microposts`.* FROM `microposts` WHERE `microposts`.`id` = 5 LIMIT 1[0m
  â†³ app/controllers/microposts_controller.rb:67
  [1m[35m (0.2ms)[0m  [1m[35mBEGIN[0m
  â†³ app/controllers/microposts_controller.rb:57
  [1m[36mMicropost Destroy (2.5ms)[0m  [1m[31mDELETE FROM `microposts` WHERE `microposts`.`id` = 5[0m
  â†³ app/controllers/microposts_controller.rb:57
  [1m[35m (0.4ms)[0m  [1m[35mCOMMIT[0m
  â†³ app/controllers/microposts_controller.rb:57
Redirected to http://localhost:3000/microposts
Completed 302 Found in 7ms (ActiveRecord: 3.4ms)


Started GET "/microposts" for 127.0.0.1 at 2019-01-13 20:11:41 +0900
Processing by MicropostsController#index as HTML
  Rendering microposts/index.html.erb within layouts/application
  [1m[36mMicropost Load (0.3ms)[0m  [1m[34mSELECT `microposts`.* FROM `microposts`[0m
  â†³ app/views/microposts/index.html.erb:15
  Rendered microposts/index.html.erb within layouts/application (2.4ms)
Completed 200 OK in 24ms (Views: 22.1ms | ActiveRecord: 0.3ms)


Started DELETE "/microposts/4" for 127.0.0.1 at 2019-01-13 20:11:44 +0900
Processing by MicropostsController#destroy as HTML
  Parameters: {"authenticity_token"=>"Vf588oJCFJOjusLwyL9DPws4eTMeoNPCJMxaBGqnHjxNbrRcuuPKack3pTsrcdpXLMPlZft715h0pUsDAo7lww==", "id"=>"4"}
  [1m[36mMicropost Load (0.3ms)[0m  [1m[34mSELECT  `microposts`.* FROM `microposts` WHERE `microposts`.`id` = 4 LIMIT 1[0m
  â†³ app/controllers/microposts_controller.rb:67
  [1m[35m (0.1ms)[0m  [1m[35mBEGIN[0m
  â†³ app/controllers/microposts_controller.rb:57
  [1m[36mMicropost Destroy (0.3ms)[0m  [1m[31mDELETE FROM `microposts` WHERE `microposts`.`id` = 4[0m
  â†³ app/controllers/microposts_controller.rb:57
  [1m[35m (0.5ms)[0m  [1m[35mCOMMIT[0m
  â†³ app/controllers/microposts_controller.rb:57
Redirected to http://localhost:3000/microposts
Completed 302 Found in 4ms (ActiveRecord: 1.2ms)


Started GET "/microposts" for 127.0.0.1 at 2019-01-13 20:11:44 +0900
Processing by MicropostsController#index as HTML
  Rendering microposts/index.html.erb within layouts/application
  [1m[36mMicropost Load (0.3ms)[0m  [1m[34mSELECT `microposts`.* FROM `microposts`[0m
  â†³ app/views/microposts/index.html.erb:15
  Rendered microposts/index.html.erb within layouts/application (2.0ms)
Completed 200 OK in 22ms (Views: 19.9ms | ActiveRecord: 0.3ms)


Started GET "/microposts/new" for 127.0.0.1 at 2019-01-13 20:15:45 +0900
Processing by MicropostsController#new as HTML
  Rendering microposts/new.html.erb within layouts/application
  Rendered microposts/_form.html.erb (1.7ms)
  Rendered microposts/new.html.erb within layouts/application (3.5ms)
Completed 200 OK in 28ms (Views: 19.4ms | ActiveRecord: 1.8ms)


Started POST "/microposts" for 127.0.0.1 at 2019-01-13 20:16:38 +0900
Processing by MicropostsController#create as HTML
  Parameters: {"utf8"=>"âœ“", "authenticity_token"=>"yzKhuByIfHKNBRBaCAvYOfYM6mh8/bOmIFleIQ6cN3XTomkWJCmiiOeId5HrxUFR0fd2Ppkmt/xwME8mZrXMig==", "micropost"=>{"content"=>"ä»Šå›žã¯åŸºæœ¬çš„ãªæµã‚Œã‚’ç°¡å˜ã«èª¬æ˜Žã—ã¾ã—ãŸã€‚å®Ÿéš›ã«ä½¿ã„ã¯ã˜ã‚ãŸã¨ãã«ã¯ã€ã•ã‚‰ã«è©³ã—ã„ä»•çµ„ã¿ã‚„ã‚³ãƒžãƒ³ãƒ‰ã®çŸ¥è­˜ãŒå¿…è¦ã«ãªã£ã¦ãã‚‹ã§ã—ã‚‡ã†ã€‚ãã®éš›ã«ã¯ã€è‡ªåˆ†ã§æœ¬ã‚„ã‚¤ãƒ³ã‚¿ãƒ¼ãƒãƒƒãƒˆã‚’èª¿ã¹ãªãŒã‚‰ä½¿ã£ã¦ã¿ã¦ãã ã•ã„ã€‚æ‰‹ã‚’å‹•ã‹ã—ã€èª¿ã¹ãªãŒã‚‰é€²ã‚ã‚‹ã“ã¨ã«ã‚ˆã£ã¦ã€è‡ªç„¶ã¨èº«ã«ã¤ã„ã¦ã„ãã§ã—ã‚‡ã†ã€‚\r\n\r\nGit/GitHubã¯ã‚½ãƒ¼ã‚¹ã‚³ãƒ¼ãƒ‰ã ã‘ã§ã¯ãªãã‚·ã‚¹ãƒ†ãƒ ãƒ‰ã‚­ãƒ¥ãƒ¡ãƒ³ãƒˆã‚„æ›¸ç±åŽŸç¨¿ã€ãƒ‡ã‚¶ã‚¤ãƒŠãƒ¼ã®ãƒ†ãƒ³ãƒ—ãƒ¬ãƒ¼ãƒˆã®ç®¡ç†ãªã©ã«ã‚‚ç”¨ã„ã‚‰ã‚Œã¾ã™ã€‚å®Ÿéš›ã®ç¾å ´ã«ãŠã„ã¦ã‚‚ã€ãã®ãƒãƒ¼ãƒ ã«é©ã—ãŸãƒ«ãƒ¼ãƒ«ã‚’è€ƒãˆã€æœ‰åŠ¹çš„ã«Git/GitHubã‚’ä½¿ã„å€’ã—ã¦ã„ãã¾ã—ã‚‡ã†ã€‚ã‚µãƒ¼ãƒã‚µã‚¤ãƒ‰ã‚¨ãƒ³ã‚¸ãƒ‹ã‚¢ã€‚å­¦ç”Ÿæ™‚ä»£ã«ç ”ç©¶å®¤ã‚„å­¦éƒ¨ã®å„ç¨®ã‚µãƒ¼ãƒãƒ»ãƒãƒƒãƒˆãƒ¯ãƒ¼ã‚¯æ§‹ç¯‰ãªã©ã‚’çµŒé¨“ã—ã€ãƒ—ãƒ­ã‚°ãƒ©ãƒŸãƒ³ã‚°ä»¥å¤–ã®æŠ€è¡“ã‚‚å­¦ã¶ã€‚2011å¹´ã«æŸWebç³»ITä¼æ¥­ã«å…¥ç¤¾ã€‚ã‚¨ãƒ³ã‚¸ãƒ‹ã‚¢è·ã§ã‚ã‚Šã¤ã¤ã‚‚ã€æ ¡æ­£ã‚¹ã‚­ãƒ«ã«ã¯è‡ªä¿¡ã‚ã‚Šã€‚ç¾åœ¨ã¯ãƒªãƒ¼ãƒ€ãƒ¼ã¨ã—ã¦ãƒžãƒã‚¸ãƒ¡ãƒ³ãƒˆã‚¹ã‚­ãƒ«ã‚’ç¿’å¾—ä¸­ã€‚\r\n", "user_id"=>"3"}, "commit"=>"Create Micropost"}
  [1m[35m (0.1ms)[0m  [1m[35mBEGIN[0m
  â†³ app/controllers/microposts_controller.rb:30
  [1m[35m (0.4ms)[0m  [1m[31mROLLBACK[0m
  â†³ app/controllers/microposts_controller.rb:30
  Rendering microposts/new.html.erb within layouts/application
  Rendered microposts/_form.html.erb (2.3ms)
  Rendered microposts/new.html.erb within layouts/application (4.7ms)
Completed 200 OK in 31ms (Views: 26.2ms | ActiveRecord: 0.6ms)


  [1m[35m (0.3ms)[0m  [1m[35mSET NAMES utf8,  @@SESSION.sql_mode = CONCAT(CONCAT(@@sql_mode, ',STRICT_ALL_TABLES'), ',NO_AUTO_VALUE_ON_ZERO'),  @@SESSION.sql_auto_is_null = 0, @@SESSION.wait_timeout = 2147483[0m
  [1m[36mUser Load (0.2ms)[0m  [1m[34mSELECT  `users`.* FROM `users` ORDER BY `users`.`id` ASC LIMIT 1[0m
  [1m[36mMicropost Load (0.4ms)[0m  [1m[34mSELECT  `microposts`.* FROM `microposts` WHERE `microposts`.`user_id` = 1 LIMIT 11[0m
  [1m[36mMicropost Load (0.3ms)[0m  [1m[34mSELECT  `microposts`.* FROM `microposts` WHERE `microposts`.`user_id` = 1 ORDER BY `microposts`.`id` ASC LIMIT 1[0m
Started POST "/microposts" for 127.0.0.1 at 2019-01-13 20:52:16 +0900
  [1m[35m (0.2ms)[0m  [1m[35mSET NAMES utf8,  @@SESSION.sql_mode = CONCAT(CONCAT(@@sql_mode, ',STRICT_ALL_TABLES'), ',NO_AUTO_VALUE_ON_ZERO'),  @@SESSION.sql_auto_is_null = 0, @@SESSION.wait_timeout = 2147483[0m
  â†³ /Users/subaru/.rbenv/versions/2.5.3/lib/ruby/gems/2.5.0/gems/activerecord-5.2.2/lib/active_record/log_subscriber.rb:98
Processing by MicropostsController#create as HTML
  Parameters: {"utf8"=>"âœ“", "authenticity_token"=>"yzKhuByIfHKNBRBaCAvYOfYM6mh8/bOmIFleIQ6cN3XTomkWJCmiiOeId5HrxUFR0fd2Ppkmt/xwME8mZrXMig==", "micropost"=>{"content"=>"ä»Šå›žã¯åŸºæœ¬çš„ãªæµã‚Œã‚’ç°¡å˜ã«èª¬æ˜Žã—ã¾ã—ãŸã€‚å®Ÿéš›ã«ä½¿ã„ã¯ã˜ã‚ãŸã¨ãã«ã¯ã€ã•ã‚‰ã«è©³ã—ã„ä»•çµ„ã¿ã‚„ã‚³ãƒžãƒ³ãƒ‰ã®çŸ¥è­˜ãŒå¿…è¦ã«ãªã£ã¦ãã‚‹ã§ã—ã‚‡ã†ã€‚ãã®éš›ã«ã¯ã€è‡ªåˆ†ã§æœ¬ã‚„ã‚¤ãƒ³ã‚¿ãƒ¼ãƒãƒƒãƒˆã‚’èª¿ã¹ãªãŒã‚‰ä½¿ã£ã¦ã¿ã¦ãã ã•ã„ã€‚æ‰‹ã‚’å‹•ã‹ã—ã€èª¿ã¹ãªãŒã‚‰é€²ã‚ã‚‹ã“ã¨ã«ã‚ˆã£ã¦ã€è‡ªç„¶ã¨èº«ã«ã¤ã„ã¦ã„ãã§ã—ã‚‡ã†ã€‚\r\n\r\nGit/GitHubã¯ã‚½ãƒ¼ã‚¹ã‚³ãƒ¼ãƒ‰ã ã‘ã§ã¯ãªãã‚·ã‚¹ãƒ†ãƒ ãƒ‰ã‚­ãƒ¥ãƒ¡ãƒ³ãƒˆã‚„æ›¸ç±åŽŸç¨¿ã€ãƒ‡ã‚¶ã‚¤ãƒŠãƒ¼ã®ãƒ†ãƒ³ãƒ—ãƒ¬ãƒ¼ãƒˆã®ç®¡ç†ãªã©ã«ã‚‚ç”¨ã„ã‚‰ã‚Œã¾ã™ã€‚å®Ÿéš›ã®ç¾å ´ã«ãŠã„ã¦ã‚‚ã€ãã®ãƒãƒ¼ãƒ ã«é©ã—ãŸãƒ«ãƒ¼ãƒ«ã‚’è€ƒãˆã€æœ‰åŠ¹çš„ã«Git/GitHubã‚’ä½¿ã„å€’ã—ã¦ã„ãã¾ã—ã‚‡ã†ã€‚ã‚µãƒ¼ãƒã‚µã‚¤ãƒ‰ã‚¨ãƒ³ã‚¸ãƒ‹ã‚¢ã€‚å­¦ç”Ÿæ™‚ä»£ã«ç ”ç©¶å®¤ã‚„å­¦éƒ¨ã®å„ç¨®ã‚µãƒ¼ãƒãƒ»ãƒãƒƒãƒˆãƒ¯ãƒ¼ã‚¯æ§‹ç¯‰ãªã©ã‚’çµŒé¨“ã—ã€ãƒ—ãƒ­ã‚°ãƒ©ãƒŸãƒ³ã‚°ä»¥å¤–ã®æŠ€è¡“ã‚‚å­¦ã¶ã€‚2011å¹´ã«æŸWebç³»ITä¼æ¥­ã«å…¥ç¤¾ã€‚ã‚¨ãƒ³ã‚¸ãƒ‹ã‚¢è·ã§ã‚ã‚Šã¤ã¤ã‚‚ã€æ ¡æ­£ã‚¹ã‚­ãƒ«ã«ã¯è‡ªä¿¡ã‚ã‚Šã€‚ç¾åœ¨ã¯ãƒªãƒ¼ãƒ€ãƒ¼ã¨ã—ã¦ãƒžãƒã‚¸ãƒ¡ãƒ³ãƒˆã‚¹ã‚­ãƒ«ã‚’ç¿’å¾—ä¸­ã€‚\r\n", "user_id"=>"3"}, "commit"=>"Create Micropost"}
  [1m[35m (0.1ms)[0m  [1m[35mBEGIN[0m
  â†³ app/controllers/microposts_controller.rb:30
  [1m[36mUser Load (0.2ms)[0m  [1m[34mSELECT  `users`.* FROM `users` WHERE `users`.`id` = 3 LIMIT 1[0m
  â†³ app/controllers/microposts_controller.rb:30
  [1m[35m (0.2ms)[0m  [1m[31mROLLBACK[0m
  â†³ app/controllers/microposts_controller.rb:30
  Rendering microposts/new.html.erb within layouts/application
  Rendered microposts/_form.html.erb (1.7ms)
  Rendered microposts/new.html.erb within layouts/application (3.4ms)
Completed 200 OK in 47ms (Views: 23.7ms | ActiveRecord: 3.4ms)


Started GET "/microposts" for 127.0.0.1 at 2019-01-13 20:52:18 +0900
Processing by MicropostsController#index as HTML
  Rendering microposts/index.html.erb within layouts/application
  [1m[36mMicropost Load (0.3ms)[0m  [1m[34mSELECT `microposts`.* FROM `microposts`[0m
  â†³ app/views/microposts/index.html.erb:15
  Rendered microposts/index.html.erb within layouts/application (2.3ms)
Completed 200 OK in 20ms (Views: 17.9ms | ActiveRecord: 0.3ms)


Started GET "/microposts/1" for 127.0.0.1 at 2019-01-13 20:52:19 +0900
Processing by MicropostsController#show as HTML
  Parameters: {"id"=>"1"}
  [1m[36mMicropost Load (0.9ms)[0m  [1m[34mSELECT  `microposts`.* FROM `microposts` WHERE `microposts`.`id` = 1 LIMIT 1[0m
  â†³ app/controllers/microposts_controller.rb:67
  Rendering microposts/show.html.erb within layouts/application
  Rendered microposts/show.html.erb within layouts/application (0.7ms)
Completed 200 OK in 27ms (Views: 21.0ms | ActiveRecord: 0.9ms)


Started GET "/microposts" for 127.0.0.1 at 2019-01-13 20:52:38 +0900
Processing by MicropostsController#index as HTML
  Rendering microposts/index.html.erb within layouts/application
  [1m[36mMicropost Load (0.3ms)[0m  [1m[34mSELECT `microposts`.* FROM `microposts`[0m
  â†³ app/views/microposts/index.html.erb:15
  Rendered microposts/index.html.erb within layouts/application (2.2ms)
Completed 200 OK in 23ms (Views: 20.6ms | ActiveRecord: 0.3ms)


Started GET "/users/1" for 127.0.0.1 at 2019-01-13 20:53:12 +0900
Processing by UsersController#show as HTML
  Parameters: {"id"=>"1"}
  [1m[36mUser Load (0.3ms)[0m  [1m[34mSELECT  `users`.* FROM `users` WHERE `users`.`id` = 1 LIMIT 1[0m
  â†³ app/controllers/users_controller.rb:67
  Rendering users/show.html.erb within layouts/application
  [1m[36mMicropost Load (0.3ms)[0m  [1m[34mSELECT  `microposts`.* FROM `microposts` WHERE `microposts`.`user_id` = 1 ORDER BY `microposts`.`id` ASC LIMIT 1[0m
  â†³ app/views/users/show.html.erb:15
  Rendered users/show.html.erb within layouts/application (3.8ms)
Completed 200 OK in 30ms (Views: 26.8ms | ActiveRecord: 0.6ms)


Started GET "/users" for 127.0.0.1 at 2019-01-13 20:56:00 +0900
Processing by UsersController#index as HTML
  Rendering users/index.html.erb within layouts/application
  [1m[36mUser Load (0.3ms)[0m  [1m[34mSELECT `users`.* FROM `users`[0m
  â†³ app/views/users/index.html.erb:15
  Rendered users/index.html.erb within layouts/application (2.3ms)
Completed 200 OK in 28ms (Views: 25.0ms | ActiveRecord: 0.3ms)


Started GET "/microposts" for 127.0.0.1 at 2019-01-13 20:57:28 +0900
Processing by MicropostsController#index as HTML
  Rendering microposts/index.html.erb within layouts/application
  [1m[36mMicropost Load (0.3ms)[0m  [1m[34mSELECT `microposts`.* FROM `microposts`[0m
  â†³ app/views/microposts/index.html.erb:15
  Rendered microposts/index.html.erb within layouts/application (4.0ms)
Completed 200 OK in 33ms (Views: 30.3ms | ActiveRecord: 0.3ms)


Started GET "/microposts/1" for 127.0.0.1 at 2019-01-13 20:57:35 +0900
Processing by MicropostsController#show as HTML
  Parameters: {"id"=>"1"}
  [1m[36mMicropost Load (0.3ms)[0m  [1m[34mSELECT  `microposts`.* FROM `microposts` WHERE `microposts`.`id` = 1 LIMIT 1[0m
  â†³ app/controllers/microposts_controller.rb:67
  Rendering microposts/show.html.erb within layouts/application
  Rendered microposts/show.html.erb within layouts/application (1.0ms)
Completed 200 OK in 21ms (Views: 18.4ms | ActiveRecord: 0.3ms)


Started GET "/microposts" for 127.0.0.1 at 2019-01-13 20:57:36 +0900
Processing by MicropostsController#index as HTML
  Rendering microposts/index.html.erb within layouts/application
  [1m[36mMicropost Load (0.2ms)[0m  [1m[34mSELECT `microposts`.* FROM `microposts`[0m
  â†³ app/views/microposts/index.html.erb:15
  Rendered microposts/index.html.erb within layouts/application (1.9ms)
Completed 200 OK in 20ms (Views: 17.1ms | ActiveRecord: 0.2ms)


Started GET "/users" for 127.0.0.1 at 2019-01-13 20:57:45 +0900
Processing by UsersController#index as HTML
  Rendering users/index.html.erb within layouts/application
  [1m[36mUser Load (0.3ms)[0m  [1m[34mSELECT `users`.* FROM `users`[0m
  â†³ app/views/users/index.html.erb:15
  Rendered users/index.html.erb within layouts/application (4.3ms)
Completed 200 OK in 33ms (Views: 30.0ms | ActiveRecord: 0.3ms)


Started GET "/users/1" for 127.0.0.1 at 2019-01-13 20:57:50 +0900
Processing by UsersController#show as HTML
  Parameters: {"id"=>"1"}
  [1m[36mUser Load (0.3ms)[0m  [1m[34mSELECT  `users`.* FROM `users` WHERE `users`.`id` = 1 LIMIT 1[0m
  â†³ app/controllers/users_controller.rb:67
  Rendering users/show.html.erb within layouts/application
  [1m[36mMicropost Load (1.1ms)[0m  [1m[34mSELECT  `microposts`.* FROM `microposts` WHERE `microposts`.`user_id` = 1 ORDER BY `microposts`.`id` ASC LIMIT 1[0m
  â†³ app/views/users/show.html.erb:15
  Rendered users/show.html.erb within layouts/application (4.5ms)
Completed 200 OK in 29ms (Views: 23.7ms | ActiveRecord: 1.4ms)


Started GET "/users/3" for 127.0.0.1 at 2019-01-13 21:14:13 +0900
  [1m[35m (0.3ms)[0m  [1m[35mSET NAMES utf8,  @@SESSION.sql_mode = CONCAT(CONCAT(@@sql_mode, ',STRICT_ALL_TABLES'), ',NO_AUTO_VALUE_ON_ZERO'),  @@SESSION.sql_auto_is_null = 0, @@SESSION.wait_timeout = 2147483[0m
  â†³ /Users/subaru/.rbenv/versions/2.5.3/lib/ruby/gems/2.5.0/gems/activerecord-5.2.2/lib/active_record/log_subscriber.rb:98
Processing by UsersController#show as HTML
  Parameters: {"id"=>"3"}
  [1m[36mUser Load (0.5ms)[0m  [1m[34mSELECT  `users`.* FROM `users` WHERE `users`.`id` = 3 LIMIT 1[0m
  â†³ app/controllers/users_controller.rb:67
  Rendering users/show.html.erb within layouts/application
  [1m[36mMicropost Load (0.4ms)[0m  [1m[34mSELECT  `microposts`.* FROM `microposts` WHERE `microposts`.`user_id` = 3 ORDER BY `microposts`.`id` ASC LIMIT 1[0m
  â†³ app/views/users/show.html.erb:15
  Rendered users/show.html.erb within layouts/application (3.6ms)
Completed 200 OK in 32ms (Views: 27.5ms | ActiveRecord: 1.8ms)


Started GET "/users/1" for 127.0.0.1 at 2019-01-13 21:14:17 +0900
Processing by UsersController#show as HTML
  Parameters: {"id"=>"1"}
  [1m[36mUser Load (0.3ms)[0m  [1m[34mSELECT  `users`.* FROM `users` WHERE `users`.`id` = 1 LIMIT 1[0m
  â†³ app/controllers/users_controller.rb:67
  Rendering users/show.html.erb within layouts/application
  [1m[36mMicropost Load (0.3ms)[0m  [1m[34mSELECT  `microposts`.* FROM `microposts` WHERE `microposts`.`user_id` = 1 ORDER BY `microposts`.`id` ASC LIMIT 1[0m
  â†³ app/views/users/show.html.erb:15
  Rendered users/show.html.erb within layouts/application (2.7ms)
Completed 200 OK in 24ms (Views: 20.8ms | ActiveRecord: 0.6ms)


Started GET "/users/1" for 127.0.0.1 at 2019-01-15 22:34:16 +0900
  [1m[35m (38.2ms)[0m  [1m[35mSET NAMES utf8,  @@SESSION.sql_mode = CONCAT(CONCAT(@@sql_mode, ',STRICT_ALL_TABLES'), ',NO_AUTO_VALUE_ON_ZERO'),  @@SESSION.sql_auto_is_null = 0, @@SESSION.wait_timeout = 2147483[0m
  â†³ /Users/subaru/.rbenv/versions/2.5.3/lib/ruby/gems/2.5.0/gems/activerecord-5.2.2/lib/active_record/log_subscriber.rb:98
Processing by UsersController#show as HTML
  Parameters: {"id"=>"1"}
  [1m[36mUser Load (17.8ms)[0m  [1m[34mSELECT  `users`.* FROM `users` WHERE `users`.`id` = 1 LIMIT 1[0m
  â†³ app/controllers/users_controller.rb:67
  Rendering users/show.html.erb within layouts/application
  [1m[36mMicropost Load (1.5ms)[0m  [1m[34mSELECT  `microposts`.* FROM `microposts` WHERE `microposts`.`user_id` = 1 ORDER BY `microposts`.`id` ASC LIMIT 1[0m
  â†³ app/views/users/show.html.erb:15
  Rendered users/show.html.erb within layouts/application (21.9ms)
Completed 200 OK in 123ms (Views: 80.0ms | ActiveRecord: 27.1ms)


Started GET "/users" for 127.0.0.1 at 2019-01-15 22:35:51 +0900
Processing by UsersController#index as HTML
  Rendering users/index.html.erb within layouts/application
  [1m[36mUser Load (0.3ms)[0m  [1m[34mSELECT `users`.* FROM `users`[0m
  â†³ app/views/users/index.html.erb:15
  Rendered users/index.html.erb within layouts/application (20.7ms)
Completed 200 OK in 55ms (Views: 36.8ms | ActiveRecord: 9.3ms)


Started GET "/microposts" for 127.0.0.1 at 2019-01-15 22:36:02 +0900
Processing by MicropostsController#index as HTML
  Rendering microposts/index.html.erb within layouts/application
  [1m[36mMicropost Load (0.4ms)[0m  [1m[34mSELECT `microposts`.* FROM `microposts`[0m
  â†³ app/views/microposts/index.html.erb:15
  Rendered microposts/index.html.erb within layouts/application (23.8ms)
Completed 200 OK in 62ms (Views: 53.7ms | ActiveRecord: 2.1ms)


Started GET "/microposts/new" for 127.0.0.1 at 2019-01-15 22:36:04 +0900
Processing by MicropostsController#new as HTML
  Rendering microposts/new.html.erb within layouts/application
  Rendered microposts/_form.html.erb (3.8ms)
  Rendered microposts/new.html.erb within layouts/application (6.9ms)
Completed 200 OK in 30ms (Views: 27.3ms | ActiveRecord: 0.0ms)


Started POST "/microposts" for 127.0.0.1 at 2019-01-15 22:36:07 +0900
Processing by MicropostsController#create as HTML
  Parameters: {"utf8"=>"âœ“", "authenticity_token"=>"+4tSqjbD77mlfC70Qfsvbj+75ntIDEgWk1O1159HclDjG5oEDmIxQ8/xST+iNbYGGEB6La3XTEzDOqTQ926Jrw==", "micropost"=>{"content"=>"", "user_id"=>""}, "commit"=>"Create Micropost"}
  [1m[35m (1.9ms)[0m  [1m[35mBEGIN[0m
  â†³ app/controllers/microposts_controller.rb:30
  [1m[35m (0.4ms)[0m  [1m[31mROLLBACK[0m
  â†³ app/controllers/microposts_controller.rb:30
  Rendering microposts/new.html.erb within layouts/application
  Rendered microposts/_form.html.erb (3.1ms)
  Rendered microposts/new.html.erb within layouts/application (5.5ms)
Completed 200 OK in 37ms (Views: 25.6ms | ActiveRecord: 2.4ms)


Started GET "/users" for 127.0.0.1 at 2019-01-15 22:38:51 +0900
Processing by UsersController#index as HTML
Completed 500 Internal Server Error in 10ms (ActiveRecord: 0.7ms)


  
NameError (undefined local variable or method `email' for #<Class:0x00007ff7d5be0260>):
  
app/models/user.rb:4:in `<class:User>'
app/models/user.rb:1:in `<main>'
app/controllers/users_controller.rb:7:in `index'
Started GET "/users" for 127.0.0.1 at 2019-01-15 22:40:02 +0900
Processing by UsersController#index as HTML
  Rendering users/index.html.erb within layouts/application
  [1m[36mUser Load (1.1ms)[0m  [1m[34mSELECT `users`.* FROM `users`[0m
  â†³ app/views/users/index.html.erb:15
  Rendered users/index.html.erb within layouts/application (11.2ms)
Completed 200 OK in 54ms (Views: 47.0ms | ActiveRecord: 1.9ms)


Started GET "/users/new" for 127.0.0.1 at 2019-01-15 22:40:04 +0900
Processing by UsersController#new as HTML
  Rendering users/new.html.erb within layouts/application
  Rendered users/_form.html.erb (2.1ms)
  Rendered users/new.html.erb within layouts/application (4.3ms)
Completed 200 OK in 27ms (Views: 24.1ms | ActiveRecord: 0.0ms)


Started POST "/users" for 127.0.0.1 at 2019-01-15 22:40:05 +0900
Processing by UsersController#create as HTML
  Parameters: {"utf8"=>"âœ“", "authenticity_token"=>"BoIJaaddGdCBTFM2MO+0BOx4pWr0kZ1cEt7EEHEMCOkeEsHHn/zHKuvBNP3TIS1sy4M5PBFKmQZCt9UXGSXzFg==", "user"=>{"name"=>"", "email"=>""}, "commit"=>"Create User"}
  [1m[35m (0.2ms)[0m  [1m[35mBEGIN[0m
  â†³ app/controllers/users_controller.rb:30
  [1m[35m (0.2ms)[0m  [1m[31mROLLBACK[0m
  â†³ app/controllers/users_controller.rb:30
  Rendering users/new.html.erb within layouts/application
  Rendered users/_form.html.erb (3.9ms)
  Rendered users/new.html.erb within layouts/application (7.3ms)
Completed 200 OK in 34ms (Views: 29.7ms | ActiveRecord: 0.4ms)


